This is pdfTeX, Version 3.141592653-2.6-1.40.22 (MiKTeX 21.6) (preloaded format=pdflatex 2021.6.27)  4 NOV 2021 20:48
entering extended mode
**./sala_covid.tex
(sala_covid.tex
LaTeX2e <2021-06-01>
L3 programming layer <2021-06-01>
(C:\Program Files\MiKTeX2\tex/latex/beamer\beamer.cls
Document Class: beamer 2021/05/26 v3.63 A class for typesetting presentations
(C:\Program Files\MiKTeX2\tex/latex/beamer\beamerbasemodes.sty
(C:\Program Files\MiKTeX2\tex/latex/etoolbox\etoolbox.sty
Package: etoolbox 2020/10/05 v2.5k e-TeX tools for LaTeX (JAW)
\etb@tempcnta=\count182
)
\beamer@tempbox=\box50
\beamer@tempcount=\count183
\c@beamerpauses=\count184

(C:\Program Files\MiKTeX2\tex/latex/beamer\beamerbasedecode.sty
\beamer@slideinframe=\count185
\beamer@minimum=\count186
\beamer@decode@box=\box51
)
\beamer@commentbox=\box52
\beamer@modecount=\count187
)
(C:\Program Files\MiKTeX2\tex/generic/iftex\ifpdf.sty
Package: ifpdf 2019/10/25 v3.4 ifpdf legacy package. Use iftex instead.

(C:\Program Files\MiKTeX2\tex/generic/iftex\iftex.sty
Package: iftex 2020/03/06 v1.0d TeX engine tests
))
\headdp=\dimen138
\footheight=\dimen139
\sidebarheight=\dimen140
\beamer@tempdim=\dimen141
\beamer@finalheight=\dimen142
\beamer@animht=\dimen143
\beamer@animdp=\dimen144
\beamer@animwd=\dimen145
\beamer@leftmargin=\dimen146
\beamer@rightmargin=\dimen147
\beamer@leftsidebar=\dimen148
\beamer@rightsidebar=\dimen149
\beamer@boxsize=\dimen150
\beamer@vboxoffset=\dimen151
\beamer@descdefault=\dimen152
\beamer@descriptionwidth=\dimen153
\beamer@lastskip=\skip47
\beamer@areabox=\box53
\beamer@animcurrent=\box54
\beamer@animshowbox=\box55
\beamer@sectionbox=\box56
\beamer@logobox=\box57
\beamer@linebox=\box58
\beamer@sectioncount=\count188
\beamer@subsubsectionmax=\count189
\beamer@subsectionmax=\count190
\beamer@sectionmax=\count191
\beamer@totalheads=\count192
\beamer@headcounter=\count193
\beamer@partstartpage=\count194
\beamer@sectionstartpage=\count195
\beamer@subsectionstartpage=\count196
\beamer@animationtempa=\count197
\beamer@animationtempb=\count198
\beamer@xpos=\count199
\beamer@ypos=\count266
\beamer@ypos@offset=\count267
\beamer@showpartnumber=\count268
\beamer@currentsubsection=\count269
\beamer@coveringdepth=\count270
\beamer@sectionadjust=\count271
\beamer@toclastsection=\count272
\beamer@tocsectionnumber=\count273

(C:\Program Files\MiKTeX2\tex/latex/beamer\beamerbaseoptions.sty
(C:\Program Files\MiKTeX2\tex/latex/graphics\keyval.sty
Package: keyval 2014/10/28 v1.15 key=value parser (DPC)
\KV@toks@=\toks16
))
\beamer@paperwidth=\skip48
\beamer@paperheight=\skip49

(C:\Program Files\MiKTeX2\tex/latex/geometry\geometry.sty
Package: geometry 2020/01/02 v5.9 Page Geometry

(C:\Program Files\MiKTeX2\tex/generic/iftex\ifvtex.sty
Package: ifvtex 2019/10/25 v1.7 ifvtex legacy package. Use iftex instead.
)
\Gm@cnth=\count274
\Gm@cntv=\count275
\c@Gm@tempcnt=\count276
\Gm@bindingoffset=\dimen154
\Gm@wd@mp=\dimen155
\Gm@odd@mp=\dimen156
\Gm@even@mp=\dimen157
\Gm@layoutwidth=\dimen158
\Gm@layoutheight=\dimen159
\Gm@layouthoffset=\dimen160
\Gm@layoutvoffset=\dimen161
\Gm@dimlist=\toks17

(C:\Program Files\MiKTeX2\tex/latex/geometry\geometry.cfg))
(C:\Program Files\MiKTeX2\tex/latex/base\size11.clo
File: size11.clo 2021/02/12 v1.4n Standard LaTeX file (size option)
)
(C:\Program Files\MiKTeX2\tex/latex/pgf/basiclayer\pgfcore.sty
(C:\Program Files\MiKTeX2\tex/latex/graphics\graphicx.sty
Package: graphicx 2020/12/05 v1.2c Enhanced LaTeX Graphics (DPC,SPQR)

(C:\Program Files\MiKTeX2\tex/latex/graphics\graphics.sty
Package: graphics 2021/03/04 v1.4d Standard LaTeX Graphics (DPC,SPQR)

(C:\Program Files\MiKTeX2\tex/latex/graphics\trig.sty
Package: trig 2016/01/03 v1.10 sin cos tan (DPC)
)
(C:\Program Files\MiKTeX2\tex/latex/graphics-cfg\graphics.cfg
File: graphics.cfg 2016/06/04 v1.11 sample graphics configuration
)
Package graphics Info: Driver file: pdftex.def on input line 107.

(C:\Program Files\MiKTeX2\tex/latex/graphics-def\pdftex.def
File: pdftex.def 2020/10/05 v1.2a Graphics/color driver for pdftex
))
\Gin@req@height=\dimen162
\Gin@req@width=\dimen163
)
(C:\Program Files\MiKTeX2\tex/latex/pgf/systemlayer\pgfsys.sty
(C:\Program Files\MiKTeX2\tex/latex/pgf/utilities\pgfrcs.sty
(C:\Program Files\MiKTeX2\tex/generic/pgf/utilities\pgfutil-common.tex
\pgfutil@everybye=\toks18
\pgfutil@tempdima=\dimen164
\pgfutil@tempdimb=\dimen165

(C:\Program Files\MiKTeX2\tex/generic/pgf/utilities\pgfutil-common-lists.tex))
(C:\Program Files\MiKTeX2\tex/generic/pgf/utilities\pgfutil-latex.def
\pgfutil@abb=\box59
)
(C:\Program Files\MiKTeX2\tex/generic/pgf/utilities\pgfrcs.code.tex
(C:\Program Files\MiKTeX2\tex/generic/pgf\pgf.revision.tex)
Package: pgfrcs 2021/05/15 v3.1.9a (3.1.9a)
))
(C:\Program Files\MiKTeX2\tex/generic/pgf/systemlayer\pgfsys.code.tex
Package: pgfsys 2021/05/15 v3.1.9a (3.1.9a)

(C:\Program Files\MiKTeX2\tex/generic/pgf/utilities\pgfkeys.code.tex
\pgfkeys@pathtoks=\toks19
\pgfkeys@temptoks=\toks20

(C:\Program Files\MiKTeX2\tex/generic/pgf/utilities\pgfkeysfiltered.code.tex
\pgfkeys@tmptoks=\toks21
))
\pgf@x=\dimen166
\pgf@y=\dimen167
\pgf@xa=\dimen168
\pgf@ya=\dimen169
\pgf@xb=\dimen170
\pgf@yb=\dimen171
\pgf@xc=\dimen172
\pgf@yc=\dimen173
\pgf@xd=\dimen174
\pgf@yd=\dimen175
\w@pgf@writea=\write3
\r@pgf@reada=\read2
\c@pgf@counta=\count277
\c@pgf@countb=\count278
\c@pgf@countc=\count279
\c@pgf@countd=\count280
\t@pgf@toka=\toks22
\t@pgf@tokb=\toks23
\t@pgf@tokc=\toks24
\pgf@sys@id@count=\count281

(C:\Program Files\MiKTeX2\tex/generic/pgf/systemlayer\pgf.cfg
File: pgf.cfg 2021/05/15 v3.1.9a (3.1.9a)
)
Driver file for pgf: pgfsys-pdftex.def

(C:\Program Files\MiKTeX2\tex/generic/pgf/systemlayer\pgfsys-pdftex.def
File: pgfsys-pdftex.def 2021/05/15 v3.1.9a (3.1.9a)

(C:\Program Files\MiKTeX2\tex/generic/pgf/systemlayer\pgfsys-common-pdf.def
File: pgfsys-common-pdf.def 2021/05/15 v3.1.9a (3.1.9a)
)))
(C:\Program Files\MiKTeX2\tex/generic/pgf/systemlayer\pgfsyssoftpath.code.tex
File: pgfsyssoftpath.code.tex 2021/05/15 v3.1.9a (3.1.9a)
\pgfsyssoftpath@smallbuffer@items=\count282
\pgfsyssoftpath@bigbuffer@items=\count283
)
(C:\Program Files\MiKTeX2\tex/generic/pgf/systemlayer\pgfsysprotocol.code.tex
File: pgfsysprotocol.code.tex 2021/05/15 v3.1.9a (3.1.9a)
)) (C:\Program Files\MiKTeX2\tex/latex/xcolor\xcolor.sty
Package: xcolor 2016/05/11 v2.12 LaTeX color extensions (UK)

(C:\Program Files\MiKTeX2\tex/latex/graphics-cfg\color.cfg
File: color.cfg 2016/01/02 v1.6 sample color configuration
)
Package xcolor Info: Driver file: pdftex.def on input line 225.

(C:\Program Files\MiKTeX2\tex/latex/colortbl\colortbl.sty
Package: colortbl 2020/01/04 v1.0e Color table columns (DPC)

(C:\Program Files\MiKTeX2\tex/latex/tools\array.sty
Package: array 2021/04/20 v2.5e Tabular extension package (FMi)
\col@sep=\dimen176
\ar@mcellbox=\box60
\extrarowheight=\dimen177
\NC@list=\toks25
\extratabsurround=\skip50
\backup@length=\skip51
\ar@cellbox=\box61
)
\everycr=\toks26
\minrowclearance=\skip52
)
\rownum=\count284
Package xcolor Info: Model `cmy' substituted by `cmy0' on input line 1348.
Package xcolor Info: Model `hsb' substituted by `rgb' on input line 1352.
Package xcolor Info: Model `RGB' extended on input line 1364.
Package xcolor Info: Model `HTML' substituted by `rgb' on input line 1366.
Package xcolor Info: Model `Hsb' substituted by `hsb' on input line 1367.
Package xcolor Info: Model `tHsb' substituted by `hsb' on input line 1368.
Package xcolor Info: Model `HSB' substituted by `hsb' on input line 1369.
Package xcolor Info: Model `Gray' substituted by `gray' on input line 1370.
Package xcolor Info: Model `wave' substituted by `hsb' on input line 1371.
)
(C:\Program Files\MiKTeX2\tex/generic/pgf/basiclayer\pgfcore.code.tex
Package: pgfcore 2021/05/15 v3.1.9a (3.1.9a)

(C:\Program Files\MiKTeX2\tex/generic/pgf/math\pgfmath.code.tex
(C:\Program Files\MiKTeX2\tex/generic/pgf/math\pgfmathcalc.code.tex
(C:\Program Files\MiKTeX2\tex/generic/pgf/math\pgfmathutil.code.tex)
(C:\Program Files\MiKTeX2\tex/generic/pgf/math\pgfmathparser.code.tex
\pgfmath@dimen=\dimen178
\pgfmath@count=\count285
\pgfmath@box=\box62
\pgfmath@toks=\toks27
\pgfmath@stack@operand=\toks28
\pgfmath@stack@operation=\toks29
)
(C:\Program Files\MiKTeX2\tex/generic/pgf/math\pgfmathfunctions.code.tex
(C:\Program Files\MiKTeX2\tex/generic/pgf/math\pgfmathfunctions.basic.code.tex)

(C:\Program Files\MiKTeX2\tex/generic/pgf/math\pgfmathfunctions.trigonometric.c
ode.tex)
(C:\Program Files\MiKTeX2\tex/generic/pgf/math\pgfmathfunctions.random.code.tex
)
(C:\Program Files\MiKTeX2\tex/generic/pgf/math\pgfmathfunctions.comparison.code
.tex)
(C:\Program Files\MiKTeX2\tex/generic/pgf/math\pgfmathfunctions.base.code.tex)
(C:\Program Files\MiKTeX2\tex/generic/pgf/math\pgfmathfunctions.round.code.tex)
(C:\Program Files\MiKTeX2\tex/generic/pgf/math\pgfmathfunctions.misc.code.tex)
(C:\Program Files\MiKTeX2\tex/generic/pgf/math\pgfmathfunctions.integerarithmet
ics.code.tex)))
(C:\Program Files\MiKTeX2\tex/generic/pgf/math\pgfmathfloat.code.tex
\c@pgfmathroundto@lastzeros=\count286
))
(C:\Program Files\MiKTeX2\tex/generic/pgf/math\pgfint.code.tex)
(C:\Program Files\MiKTeX2\tex/generic/pgf/basiclayer\pgfcorepoints.code.tex
File: pgfcorepoints.code.tex 2021/05/15 v3.1.9a (3.1.9a)
\pgf@picminx=\dimen179
\pgf@picmaxx=\dimen180
\pgf@picminy=\dimen181
\pgf@picmaxy=\dimen182
\pgf@pathminx=\dimen183
\pgf@pathmaxx=\dimen184
\pgf@pathminy=\dimen185
\pgf@pathmaxy=\dimen186
\pgf@xx=\dimen187
\pgf@xy=\dimen188
\pgf@yx=\dimen189
\pgf@yy=\dimen190
\pgf@zx=\dimen191
\pgf@zy=\dimen192
)
(C:\Program Files\MiKTeX2\tex/generic/pgf/basiclayer\pgfcorepathconstruct.code.
tex
File: pgfcorepathconstruct.code.tex 2021/05/15 v3.1.9a (3.1.9a)
\pgf@path@lastx=\dimen193
\pgf@path@lasty=\dimen194
)
(C:\Program Files\MiKTeX2\tex/generic/pgf/basiclayer\pgfcorepathusage.code.tex
File: pgfcorepathusage.code.tex 2021/05/15 v3.1.9a (3.1.9a)
\pgf@shorten@end@additional=\dimen195
\pgf@shorten@start@additional=\dimen196
) (C:\Program Files\MiKTeX2\tex/generic/pgf/basiclayer\pgfcorescopes.code.tex
File: pgfcorescopes.code.tex 2021/05/15 v3.1.9a (3.1.9a)
\pgfpic=\box63
\pgf@hbox=\box64
\pgf@layerbox@main=\box65
\pgf@picture@serial@count=\count287
)
(C:\Program Files\MiKTeX2\tex/generic/pgf/basiclayer\pgfcoregraphicstate.code.t
ex
File: pgfcoregraphicstate.code.tex 2021/05/15 v3.1.9a (3.1.9a)
\pgflinewidth=\dimen197
)
(C:\Program Files\MiKTeX2\tex/generic/pgf/basiclayer\pgfcoretransformations.cod
e.tex
File: pgfcoretransformations.code.tex 2021/05/15 v3.1.9a (3.1.9a)
\pgf@pt@x=\dimen198
\pgf@pt@y=\dimen199
\pgf@pt@temp=\dimen256
)
(C:\Program Files\MiKTeX2\tex/generic/pgf/basiclayer\pgfcorequick.code.tex
File: pgfcorequick.code.tex 2021/05/15 v3.1.9a (3.1.9a)
)
(C:\Program Files\MiKTeX2\tex/generic/pgf/basiclayer\pgfcoreobjects.code.tex
File: pgfcoreobjects.code.tex 2021/05/15 v3.1.9a (3.1.9a)
)
(C:\Program Files\MiKTeX2\tex/generic/pgf/basiclayer\pgfcorepathprocessing.code
.tex
File: pgfcorepathprocessing.code.tex 2021/05/15 v3.1.9a (3.1.9a)
)
(C:\Program Files\MiKTeX2\tex/generic/pgf/basiclayer\pgfcorearrows.code.tex
File: pgfcorearrows.code.tex 2021/05/15 v3.1.9a (3.1.9a)
\pgfarrowsep=\dimen257
)
(C:\Program Files\MiKTeX2\tex/generic/pgf/basiclayer\pgfcoreshade.code.tex
File: pgfcoreshade.code.tex 2021/05/15 v3.1.9a (3.1.9a)
\pgf@max=\dimen258
\pgf@sys@shading@range@num=\count288
\pgf@shadingcount=\count289
)
(C:\Program Files\MiKTeX2\tex/generic/pgf/basiclayer\pgfcoreimage.code.tex
File: pgfcoreimage.code.tex 2021/05/15 v3.1.9a (3.1.9a)

(C:\Program Files\MiKTeX2\tex/generic/pgf/basiclayer\pgfcoreexternal.code.tex
File: pgfcoreexternal.code.tex 2021/05/15 v3.1.9a (3.1.9a)
\pgfexternal@startupbox=\box66
)) (C:\Program Files\MiKTeX2\tex/generic/pgf/basiclayer\pgfcorelayers.code.tex
File: pgfcorelayers.code.tex 2021/05/15 v3.1.9a (3.1.9a)
)
(C:\Program Files\MiKTeX2\tex/generic/pgf/basiclayer\pgfcoretransparency.code.t
ex
File: pgfcoretransparency.code.tex 2021/05/15 v3.1.9a (3.1.9a)
)
(C:\Program Files\MiKTeX2\tex/generic/pgf/basiclayer\pgfcorepatterns.code.tex
File: pgfcorepatterns.code.tex 2021/05/15 v3.1.9a (3.1.9a)
)
(C:\Program Files\MiKTeX2\tex/generic/pgf/basiclayer\pgfcorerdf.code.tex
File: pgfcorerdf.code.tex 2021/05/15 v3.1.9a (3.1.9a)
)))
(C:\Program Files\MiKTeX2\tex/latex/pgf/utilities\xxcolor.sty
Package: xxcolor 2003/10/24 ver 0.1
\XC@nummixins=\count290
\XC@countmixins=\count291
)
(C:\Program Files\MiKTeX2\tex/latex/base\atbegshi-ltx.sty
Package: atbegshi-ltx 2021/01/10 v1.0c Emulation of the original atbegshi
package with kernel methods
)
(C:\Program Files\MiKTeX2\tex/latex/hyperref\hyperref.sty
Package: hyperref 2021-06-05 v7.00l Hypertext links for LaTeX

(C:\Program Files\MiKTeX2\tex/generic/ltxcmds\ltxcmds.sty
Package: ltxcmds 2020-05-10 v1.25 LaTeX kernel commands for general use (HO)
)
(C:\Program Files\MiKTeX2\tex/generic/pdftexcmds\pdftexcmds.sty
Package: pdftexcmds 2020-06-27 v0.33 Utility functions of pdfTeX for LuaTeX (HO
)

(C:\Program Files\MiKTeX2\tex/generic/infwarerr\infwarerr.sty
Package: infwarerr 2019/12/03 v1.5 Providing info/warning/error messages (HO)
)
Package pdftexcmds Info: \pdf@primitive is available.
Package pdftexcmds Info: \pdf@ifprimitive is available.
Package pdftexcmds Info: \pdfdraftmode found.
)
(C:\Program Files\MiKTeX2\tex/generic/kvsetkeys\kvsetkeys.sty
Package: kvsetkeys 2019/12/15 v1.18 Key value parser (HO)
)
(C:\Program Files\MiKTeX2\tex/generic/kvdefinekeys\kvdefinekeys.sty
Package: kvdefinekeys 2019-12-19 v1.6 Define keys (HO)
)
(C:\Program Files\MiKTeX2\tex/generic/pdfescape\pdfescape.sty
Package: pdfescape 2019/12/09 v1.15 Implements pdfTeX's escape features (HO)
)
(C:\Program Files\MiKTeX2\tex/latex/hycolor\hycolor.sty
Package: hycolor 2020-01-27 v1.10 Color options for hyperref/bookmark (HO)
)
(C:\Program Files\MiKTeX2\tex/latex/letltxmacro\letltxmacro.sty
Package: letltxmacro 2019/12/03 v1.6 Let assignment for LaTeX macros (HO)
)
(C:\Program Files\MiKTeX2\tex/latex/auxhook\auxhook.sty
Package: auxhook 2019-12-17 v1.6 Hooks for auxiliary files (HO)
)
(C:\Program Files\MiKTeX2\tex/latex/kvoptions\kvoptions.sty
Package: kvoptions 2020-10-07 v3.14 Key value format for package options (HO)
)
\@linkdim=\dimen259
\Hy@linkcounter=\count292
\Hy@pagecounter=\count293

(C:\Program Files\MiKTeX2\tex/latex/hyperref\pd1enc.def
File: pd1enc.def 2021-06-05 v7.00l Hyperref: PDFDocEncoding definition (HO)
Now handling font encoding PD1 ...
... no UTF-8 mapping file for font encoding PD1
)
(C:\Program Files\MiKTeX2\tex/latex/hyperref\hyperref-langpatches.def
File: hyperref-langpatches.def 2021-06-05 v7.00l Hyperref: patches for babel la
nguages
)
(C:\Program Files\MiKTeX2\tex/generic/intcalc\intcalc.sty
Package: intcalc 2019/12/15 v1.3 Expandable calculations with integers (HO)
)
(C:\Program Files\MiKTeX2\tex/generic/etexcmds\etexcmds.sty
Package: etexcmds 2019/12/15 v1.7 Avoid name clashes with e-TeX commands (HO)
)
\Hy@SavedSpaceFactor=\count294

(C:\Program Files\MiKTeX2\tex/latex/hyperref\puenc.def
File: puenc.def 2021-06-05 v7.00l Hyperref: PDF Unicode definition (HO)
Now handling font encoding PU ...
... no UTF-8 mapping file for font encoding PU
)
Package hyperref Info: Option `bookmarks' set `true' on input line 4073.
Package hyperref Info: Option `bookmarksopen' set `true' on input line 4073.
Package hyperref Info: Option `implicit' set `false' on input line 4073.
Package hyperref Info: Hyper figures OFF on input line 4192.
Package hyperref Info: Link nesting OFF on input line 4197.
Package hyperref Info: Hyper index ON on input line 4200.
Package hyperref Info: Plain pages OFF on input line 4207.
Package hyperref Info: Backreferencing OFF on input line 4212.
Package hyperref Info: Implicit mode OFF; no redefinition of LaTeX internals.
Package hyperref Info: Bookmarks ON on input line 4445.
\c@Hy@tempcnt=\count295

(C:\Program Files\MiKTeX2\tex/latex/url\url.sty
\Urlmuskip=\muskip16
Package: url 2013/09/16  ver 3.4  Verb mode for urls, etc.
)
LaTeX Info: Redefining \url on input line 4804.
\XeTeXLinkMargin=\dimen260

(C:\Program Files\MiKTeX2\tex/generic/bitset\bitset.sty
Package: bitset 2019/12/09 v1.3 Handle bit-vector datatype (HO)

(C:\Program Files\MiKTeX2\tex/generic/bigintcalc\bigintcalc.sty
Package: bigintcalc 2019/12/15 v1.5 Expandable calculations on big integers (HO
)
))
\Fld@menulength=\count296
\Field@Width=\dimen261
\Fld@charsize=\dimen262
Package hyperref Info: Hyper figures OFF on input line 6076.
Package hyperref Info: Link nesting OFF on input line 6081.
Package hyperref Info: Hyper index ON on input line 6084.
Package hyperref Info: backreferencing OFF on input line 6091.
Package hyperref Info: Link coloring OFF on input line 6096.
Package hyperref Info: Link coloring with OCG OFF on input line 6101.
Package hyperref Info: PDF/A mode OFF on input line 6106.
LaTeX Info: Redefining \ref on input line 6146.
LaTeX Info: Redefining \pageref on input line 6150.
\Hy@abspage=\count297


Package hyperref Message: Stopped early.

)
Package hyperref Info: Driver (autodetected): hpdftex.
 (C:\Program Files\MiKTeX2\tex/latex/hyperref\hpdftex.def
File: hpdftex.def 2021-06-05 v7.00l Hyperref driver for pdfTeX

(C:\Program Files\MiKTeX2\tex/latex/base\atveryend-ltx.sty
Package: atveryend-ltx 2020/08/19 v1.0a Emulation of the original atvery packag
e
with kernel methods
)
\Fld@listcount=\count298
\c@bookmark@seq@number=\count299

(C:\Program Files\MiKTeX2\tex/latex/rerunfilecheck\rerunfilecheck.sty
Package: rerunfilecheck 2019/12/05 v1.9 Rerun checks for auxiliary files (HO)

(C:\Program Files\MiKTeX2\tex/generic/uniquecounter\uniquecounter.sty
Package: uniquecounter 2019/12/15 v1.4 Provide unlimited unique counter (HO)
)
Package uniquecounter Info: New unique counter `rerunfilecheck' on input line 2
86.
))
(C:\Program Files\MiKTeX2\tex/latex/beamer\beamerbaserequires.sty
(C:\Program Files\MiKTeX2\tex/latex/beamer\beamerbasecompatibility.sty)
(C:\Program Files\MiKTeX2\tex/latex/beamer\beamerbasefont.sty
(C:\Program Files\MiKTeX2\tex/latex/amsfonts\amssymb.sty
Package: amssymb 2013/01/14 v3.01 AMS font symbols

(C:\Program Files\MiKTeX2\tex/latex/amsfonts\amsfonts.sty
Package: amsfonts 2013/01/14 v3.01 Basic AMSFonts support
\@emptytoks=\toks30
\symAMSa=\mathgroup4
\symAMSb=\mathgroup5
LaTeX Font Info:    Redeclaring math symbol \hbar on input line 98.
LaTeX Font Info:    Overwriting math alphabet `\mathfrak' in version `bold'
(Font)                  U/euf/m/n --> U/euf/b/n on input line 106.
))
(C:\Program Files\MiKTeX2\tex/latex/sansmathaccent\sansmathaccent.sty
Package: sansmathaccent 2020/01/31

(C:\Program Files\MiKTeX2\tex/latex/koma-script\scrlfile.sty
Package: scrlfile 2021/03/17 v3.33 KOMA-Script package (file load hooks)

(C:\Program Files\MiKTeX2\tex/latex/koma-script\scrlfile-hook.sty
Package: scrlfile-hook 2021/03/17 v3.33 KOMA-Script package (using LaTeX hooks)


(C:\Program Files\MiKTeX2\tex/latex/koma-script\scrlogo.sty
Package: scrlogo 2021/03/17 v3.33 KOMA-Script package (logo)
)))))
(C:\Program Files\MiKTeX2\tex/latex/beamer\beamerbasetranslator.sty
(C:\Program Files\MiKTeX2\tex/latex/translator\translator.sty
Package: translator 2021-05-31 v1.12d Easy translation of strings in LaTeX
))
(C:\Program Files\MiKTeX2\tex/latex/beamer\beamerbasemisc.sty)
(C:\Program Files\MiKTeX2\tex/latex/beamer\beamerbasetwoscreens.sty)
(C:\Program Files\MiKTeX2\tex/latex/beamer\beamerbaseoverlay.sty
\beamer@argscount=\count300
\beamer@lastskipcover=\skip53
\beamer@trivlistdepth=\count301
)
(C:\Program Files\MiKTeX2\tex/latex/beamer\beamerbasetitle.sty)
(C:\Program Files\MiKTeX2\tex/latex/beamer\beamerbasesection.sty
\c@lecture=\count302
\c@part=\count303
\c@section=\count304
\c@subsection=\count305
\c@subsubsection=\count306
)
(C:\Program Files\MiKTeX2\tex/latex/beamer\beamerbaseframe.sty
\beamer@framebox=\box67
\beamer@frametitlebox=\box68
\beamer@zoombox=\box69
\beamer@zoomcount=\count307
\beamer@zoomframecount=\count308
\beamer@frametextheight=\dimen263
\c@subsectionslide=\count309
\beamer@frametopskip=\skip54
\beamer@framebottomskip=\skip55
\beamer@frametopskipautobreak=\skip56
\beamer@framebottomskipautobreak=\skip57
\beamer@envbody=\toks31
\framewidth=\dimen264
\c@framenumber=\count310
)
(C:\Program Files\MiKTeX2\tex/latex/beamer\beamerbaseverbatim.sty
\beamer@verbatimfileout=\write4
)
(C:\Program Files\MiKTeX2\tex/latex/beamer\beamerbaseframesize.sty
\beamer@splitbox=\box70
\beamer@autobreakcount=\count311
\beamer@autobreaklastheight=\dimen265
\beamer@frametitletoks=\toks32
\beamer@framesubtitletoks=\toks33
)
(C:\Program Files\MiKTeX2\tex/latex/beamer\beamerbaseframecomponents.sty
\beamer@footins=\box71
)
(C:\Program Files\MiKTeX2\tex/latex/beamer\beamerbasecolor.sty)
(C:\Program Files\MiKTeX2\tex/latex/beamer\beamerbasenotes.sty
\beamer@frameboxcopy=\box72
)
(C:\Program Files\MiKTeX2\tex/latex/beamer\beamerbasetoc.sty)
(C:\Program Files\MiKTeX2\tex/latex/beamer\beamerbasetemplates.sty
\beamer@sbttoks=\toks34

(C:\Program Files\MiKTeX2\tex/latex/beamer\beamerbaseauxtemplates.sty
(C:\Program Files\MiKTeX2\tex/latex/beamer\beamerbaseboxes.sty
\bmb@box=\box73
\bmb@colorbox=\box74
\bmb@boxwidth=\dimen266
\bmb@boxheight=\dimen267
\bmb@prevheight=\dimen268
\bmb@temp=\dimen269
\bmb@dima=\dimen270
\bmb@dimb=\dimen271
\bmb@prevheight=\dimen272
)
\beamer@blockheadheight=\dimen273
))
(C:\Program Files\MiKTeX2\tex/latex/beamer\beamerbaselocalstructure.sty
(C:\Program Files\MiKTeX2\tex/latex/tools\enumerate.sty
Package: enumerate 2015/07/23 v3.00 enumerate extensions (DPC)
\@enLab=\toks35
)
\beamer@bibiconwidth=\skip58
\c@figure=\count312
\c@table=\count313
\abovecaptionskip=\skip59
\belowcaptionskip=\skip60
)
(C:\Program Files\MiKTeX2\tex/latex/beamer\beamerbasenavigation.sty
\beamer@section@min@dim=\dimen274
)
(C:\Program Files\MiKTeX2\tex/latex/beamer\beamerbasetheorems.sty
(C:\Program Files\MiKTeX2\tex/latex/amsmath\amsmath.sty
Package: amsmath 2021/04/20 v2.17j AMS math features
\@mathmargin=\skip61

For additional information on amsmath, use the `?' option.
(C:\Program Files\MiKTeX2\tex/latex/amsmath\amstext.sty
Package: amstext 2000/06/29 v2.01 AMS text

(C:\Program Files\MiKTeX2\tex/latex/amsmath\amsgen.sty
File: amsgen.sty 1999/11/30 v2.0 generic functions
\@emptytoks=\toks36
\ex@=\dimen275
))
(C:\Program Files\MiKTeX2\tex/latex/amsmath\amsbsy.sty
Package: amsbsy 1999/11/29 v1.2d Bold Symbols
\pmbraise@=\dimen276
)
(C:\Program Files\MiKTeX2\tex/latex/amsmath\amsopn.sty
Package: amsopn 2016/03/08 v2.02 operator names
)
\inf@bad=\count314
LaTeX Info: Redefining \frac on input line 234.
\uproot@=\count315
\leftroot@=\count316
LaTeX Info: Redefining \overline on input line 399.
\classnum@=\count317
\DOTSCASE@=\count318
LaTeX Info: Redefining \ldots on input line 496.
LaTeX Info: Redefining \dots on input line 499.
LaTeX Info: Redefining \cdots on input line 620.
\Mathstrutbox@=\box75
\strutbox@=\box76
\big@size=\dimen277
LaTeX Font Info:    Redeclaring font encoding OML on input line 743.
LaTeX Font Info:    Redeclaring font encoding OMS on input line 744.
\macc@depth=\count319
\c@MaxMatrixCols=\count320
\dotsspace@=\muskip17
\c@parentequation=\count321
\dspbrk@lvl=\count322
\tag@help=\toks37
\row@=\count323
\column@=\count324
\maxfields@=\count325
\andhelp@=\toks38
\eqnshift@=\dimen278
\alignsep@=\dimen279
\tagshift@=\dimen280
\tagwidth@=\dimen281
\totwidth@=\dimen282
\lineht@=\dimen283
\@envbody=\toks39
\multlinegap=\skip62
\multlinetaggap=\skip63
\mathdisplay@stack=\toks40
LaTeX Info: Redefining \[ on input line 2923.
LaTeX Info: Redefining \] on input line 2924.
)
(C:\Program Files\MiKTeX2\tex/latex/amscls\amsthm.sty
Package: amsthm 2020/05/29 v2.20.6
\thm@style=\toks41
\thm@bodyfont=\toks42
\thm@headfont=\toks43
\thm@notefont=\toks44
\thm@headpunct=\toks45
\thm@preskip=\skip64
\thm@postskip=\skip65
\thm@headsep=\skip66
\dth@everypar=\toks46
)
\c@theorem=\count326
)
(C:\Program Files\MiKTeX2\tex/latex/beamer\beamerbasethemes.sty))
(C:\Program Files\MiKTeX2\tex/latex/beamer\beamerthemedefault.sty
(C:\Program Files\MiKTeX2\tex/latex/beamer\beamerfontthemedefault.sty)
(C:\Program Files\MiKTeX2\tex/latex/beamer\beamercolorthemedefault.sty)
(C:\Program Files\MiKTeX2\tex/latex/beamer\beamerinnerthemedefault.sty
\beamer@dima=\dimen284
\beamer@dimb=\dimen285
)
(C:\Program Files\MiKTeX2\tex/latex/beamer\beamerouterthemedefault.sty)))
(C:\Program Files\MiKTeX2\tex/latex/appendixnumberbeamer\appendixnumberbeamer.s
ty) (C:\Program Files\MiKTeX2\tex/latex/caption\subcaption.sty
Package: subcaption 2020/10/07 v1.3j Sub-captions (AR)

(C:\Program Files\MiKTeX2\tex/latex/caption\caption.sty
Package: caption 2020/10/26 v3.5g Customizing captions (AR)

(C:\Program Files\MiKTeX2\tex/latex/caption\caption3.sty
Package: caption3 2020/10/21 v2.2e caption3 kernel (AR)
\captionmargin=\dimen286
\captionmargin@=\dimen287
\captionwidth=\dimen288
\caption@tempdima=\dimen289
\caption@indent=\dimen290
\caption@parindent=\dimen291
\caption@hangindent=\dimen292
Package caption Info: beamer document class detected.

(C:\Program Files\MiKTeX2\tex/latex/caption\caption-beamer.sto
File: caption-beamer.sto 2020/08/22 v2.0 Adaption of the caption package to the
 beamer document classes (AR)
))
\c@caption@flags=\count327
\c@continuedfloat=\count328
Package caption Info: hyperref package is loaded.
Package caption Info: Hyperref support is turned off
(caption)             because hyperref has stopped early.
)
\c@subfigure=\count329
\c@subtable=\count330
)
(C:\Program Files\MiKTeX2\tex/latex/beamer\beamercolorthemedolphin.sty)
(C:\Program Files\MiKTeX2\tex/latex/fnpct\fnpct.sty
(C:\Program Files\MiKTeX2\tex/latex/l3packages/l3keys2e\l3keys2e.sty
(C:\Program Files\MiKTeX2\tex/latex/l3kernel\expl3.sty
Package: expl3 2021-06-01 L3 programming layer (loader) 

(C:\Program Files\MiKTeX2\tex/latex/l3backend\l3backend-pdftex.def
File: l3backend-pdftex.def 2021-05-07 L3 backend support: PDF output (pdfTeX)
\l__color_backend_stack_int=\count331
\l__pdf_internal_box=\box77
))
Package: l3keys2e 2021-06-01 LaTeX2e option processing using LaTeX3 keys
)
Package: fnpct 2021/01/21 v1.0 footnote kerning
\l__fnpct_collection_int=\count332
\l__fnpct_before_footnote_dim=\dimen293
\l__fnpct_before_dot_dim=\dimen294
\l__fnpct_after_dot_dim=\dimen295
\l__fnpct_before_comma_dim=\dimen296
\l__fnpct_after_comma_dim=\dimen297
\l__fnpct_before_collect_dim=\dimen298
\l__fnpct_after_collect_dim=\dimen299

(C:\Program Files\MiKTeX2\tex/latex/translations\translations.sty
Package: translations 2021/01/17 v1.10a internationalization of LaTeX2e package
s (CN)
))
(C:\Program Files\MiKTeX2\tex/latex/newpx\newpxtext.sty
Package: newpxtext 2021/05/29 v1.422

`newpxtext' v1.422, 2021/05/29 Text macros taking advantage of TeXGyre Pagella 
and its extensions (msharpe)
(C:\Program Files\MiKTeX2\tex/latex/fontaxes\fontaxes.sty
Package: fontaxes 2020/07/21 v1.0e Font selection axes
LaTeX Info: Redefining \upshape on input line 29.
LaTeX Info: Redefining \itshape on input line 31.
LaTeX Info: Redefining \slshape on input line 33.
LaTeX Info: Redefining \swshape on input line 35.
LaTeX Info: Redefining \scshape on input line 37.
LaTeX Info: Redefining \sscshape on input line 39.
LaTeX Info: Redefining \ulcshape on input line 41.
LaTeX Info: Redefining \textsw on input line 47.
LaTeX Info: Redefining \textssc on input line 48.
LaTeX Info: Redefining \textulc on input line 49.
)
(C:\Program Files\MiKTeX2\tex/latex/xkeyval\xkeyval.sty
Package: xkeyval 2020/11/20 v2.8 package option processing (HA)

(C:\Program Files\MiKTeX2\tex/generic/xkeyval\xkeyval.tex
(C:\Program Files\MiKTeX2\tex/generic/xkeyval\xkvutils.tex
\XKV@toks=\toks47
\XKV@tempa@toks=\toks48
)
\XKV@depth=\count333
File: xkeyval.tex 2014/12/03 v2.7a key=value parser (HA)
))
(C:\Program Files\MiKTeX2\tex/latex/base\fontenc.sty
Package: fontenc 2021/04/29 v2.0v Standard LaTeX package
)
(C:\Program Files\MiKTeX2\tex/latex/base\textcomp.sty
Package: textcomp 2020/02/02 v2.0n Standard LaTeX package
))
(C:\Program Files\MiKTeX2\tex/latex/beamer\beamerfontthemeprofessionalfonts.sty
) (C:\Program Files\MiKTeX2\tex/latex/tools\bm.sty
Package: bm 2021/04/25 v1.2e Bold Symbol Support (DPC/FMi)
\symboldoperators=\mathgroup6
\symboldletters=\mathgroup7
\symboldsymbols=\mathgroup8
Package bm Info: No bold for \OMX/cmex/m/n, using \pmb.
Package bm Info: No bold for \U/msa/m/n, using \pmb.
Package bm Info: No bold for \U/msb/m/n, using \pmb.
LaTeX Font Info:    Redeclaring math alphabet \mathbf on input line 149.
)
(C:\Program Files\MiKTeX2\tex/latex/placeins\placeins.sty
Package: placeins 2005/04/18  v 2.2
)
(C:\Program Files\MiKTeX2\tex/latex/epstopdf-pkg\epstopdf.sty
Package: epstopdf 2020-01-24 v2.11 Conversion with epstopdf on the fly (HO)

(C:\Program Files\MiKTeX2\tex/latex/grfext\grfext.sty
Package: grfext 2019/12/03 v1.3 Manage graphics extensions (HO)
)
(C:\Program Files\MiKTeX2\tex/latex/epstopdf-pkg\epstopdf-base.sty
Package: epstopdf-base 2020-01-24 v2.11 Base part for package epstopdf
Package epstopdf-base Info: Redefining graphics rule for `.eps' on input line 4
85.
Package grfext Info: Graphics extension search list:
(grfext)             [.pdf,.png,.jpg,.mps,.jpeg,.jbig2,.jb2,.PDF,.PNG,.JPG,.JPE
G,.JBIG2,.JB2,.eps]
(grfext)             \AppendGraphicsExtensions on input line 504.

(C:\Program Files\MiKTeX2\tex/latex/00miktex\epstopdf-sys.cfg
File: epstopdf-sys.cfg 2021/03/18 v2.0 Configuration of epstopdf for MiKTeX
)))
(C:\Program Files\MiKTeX2\tex/latex/grffile\grffile.sty
Package: grffile 2019/11/11 v2.1 Extended file name support for graphics (legac
y)
Package grffile Info: This package is an empty stub for compatibility on input 
line 40.
)
(C:\Program Files\MiKTeX2\tex/latex/marvosym\marvosym.sty
Package: marvosym 2011/07/20 v2.2 Martin Vogel's Symbols font definitions
)
(C:\Program Files\MiKTeX2\tex/latex/csquotes\csquotes.sty
Package: csquotes 2021-02-22 v5.2l context-sensitive quotations (JAW)
\csq@reset=\count334
\csq@gtype=\count335
\csq@glevel=\count336
\csq@qlevel=\count337
\csq@maxlvl=\count338
\csq@tshold=\count339
\csq@ltx@everypar=\toks49

(C:\Program Files\MiKTeX2\tex/latex/csquotes\csquotes.def
File: csquotes.def 2021-02-22 v5.2l csquotes generic definitions (JAW)
)
Package csquotes Info: Trying to load configuration file 'csquotes.cfg'...
Package csquotes Info: ... configuration file loaded successfully.

(C:\Program Files\MiKTeX2\tex/latex/csquotes\csquotes.cfg
File: csquotes.cfg 
)
Package csquotes Info: Disabling multilingual quotes.
Package csquotes Info: Redefining alias 'default' -> 'british'.
)
\mybox=\box78

(C:\Program Files\MiKTeX2\tex/latex/verse\verse.sty
Package: verse 2009/09/04 v2.4a verse typesetting
\c@vslineno=\count340
\c@poemline=\count341
\c@fvsline=\count342
\c@modulo@vs=\count343
\c@verse@envctr=\count344
\versewidth=\skip67
\vgap=\skip68
\vindent=\skip69
\stanzaskip=\skip70
\vleftskip=\skip71
\vrightskip=\skip72
\c@chrsinstr=\count345
\beforepoemtitleskip=\skip73
\afterpoemtitleskip=\skip74
)
(C:\Program Files\MiKTeX2\tex/latex/pgf/frontendlayer\tikz.sty
(C:\Program Files\MiKTeX2\tex/latex/pgf/basiclayer\pgf.sty
Package: pgf 2021/05/15 v3.1.9a (3.1.9a)

(C:\Program Files\MiKTeX2\tex/generic/pgf/modules\pgfmoduleshapes.code.tex
File: pgfmoduleshapes.code.tex 2021/05/15 v3.1.9a (3.1.9a)
\pgfnodeparttextbox=\box79
)
(C:\Program Files\MiKTeX2\tex/generic/pgf/modules\pgfmoduleplot.code.tex
File: pgfmoduleplot.code.tex 2021/05/15 v3.1.9a (3.1.9a)
)
(C:\Program Files\MiKTeX2\tex/latex/pgf/compatibility\pgfcomp-version-0-65.sty
Package: pgfcomp-version-0-65 2021/05/15 v3.1.9a (3.1.9a)
\pgf@nodesepstart=\dimen300
\pgf@nodesepend=\dimen301
) (C:\Program Files\MiKTeX2\tex/latex/pgf/compatibility\pgfcomp-version-1-18.st
y
Package: pgfcomp-version-1-18 2021/05/15 v3.1.9a (3.1.9a)
)) (C:\Program Files\MiKTeX2\tex/latex/pgf/utilities\pgffor.sty
(C:\Program Files\MiKTeX2\tex/latex/pgf/utilities\pgfkeys.sty
(C:\Program Files\MiKTeX2\tex/generic/pgf/utilities\pgfkeys.code.tex))
(C:\Program Files\MiKTeX2\tex/latex/pgf/math\pgfmath.sty
(C:\Program Files\MiKTeX2\tex/generic/pgf/math\pgfmath.code.tex))
(C:\Program Files\MiKTeX2\tex/generic/pgf/utilities\pgffor.code.tex
Package: pgffor 2021/05/15 v3.1.9a (3.1.9a)

(C:\Program Files\MiKTeX2\tex/generic/pgf/math\pgfmath.code.tex)
\pgffor@iter=\dimen302
\pgffor@skip=\dimen303
\pgffor@stack=\toks50
\pgffor@toks=\toks51
))
(C:\Program Files\MiKTeX2\tex/generic/pgf/frontendlayer/tikz\tikz.code.tex
Package: tikz 2021/05/15 v3.1.9a (3.1.9a)

(C:\Program Files\MiKTeX2\tex/generic/pgf/libraries\pgflibraryplothandlers.code
.tex
File: pgflibraryplothandlers.code.tex 2021/05/15 v3.1.9a (3.1.9a)
\pgf@plot@mark@count=\count346
\pgfplotmarksize=\dimen304
)
\tikz@lastx=\dimen305
\tikz@lasty=\dimen306
\tikz@lastxsaved=\dimen307
\tikz@lastysaved=\dimen308
\tikz@lastmovetox=\dimen309
\tikz@lastmovetoy=\dimen310
\tikzleveldistance=\dimen311
\tikzsiblingdistance=\dimen312
\tikz@figbox=\box80
\tikz@figbox@bg=\box81
\tikz@tempbox=\box82
\tikz@tempbox@bg=\box83
\tikztreelevel=\count347
\tikznumberofchildren=\count348
\tikznumberofcurrentchild=\count349
\tikz@fig@count=\count350

(C:\Program Files\MiKTeX2\tex/generic/pgf/modules\pgfmodulematrix.code.tex
File: pgfmodulematrix.code.tex 2021/05/15 v3.1.9a (3.1.9a)
\pgfmatrixcurrentrow=\count351
\pgfmatrixcurrentcolumn=\count352
\pgf@matrix@numberofcolumns=\count353
)
\tikz@expandcount=\count354

(C:\Program Files\MiKTeX2\tex/generic/pgf/frontendlayer/tikz/libraries\tikzlibr
arytopaths.code.tex
File: tikzlibrarytopaths.code.tex 2021/05/15 v3.1.9a (3.1.9a)
))) (C:\Program Files\MiKTeX2\tex/latex/bbm\bbm.sty
Package: bbm 1999/03/15 V 1.2 provides fonts for set symbols - TH
LaTeX Font Info:    Overwriting math alphabet `\mathbbm' in version `bold'
(Font)                  U/bbm/m/n --> U/bbm/bx/n on input line 33.
LaTeX Font Info:    Overwriting math alphabet `\mathbbmss' in version `bold'
(Font)                  U/bbmss/m/n --> U/bbmss/bx/n on input line 35.
)
(C:\Program Files\MiKTeX2\tex/latex/tools\tabularx.sty
Package: tabularx 2020/01/15 v2.11c `tabularx' package (DPC)
\TX@col@width=\dimen313
\TX@old@table=\dimen314
\TX@old@col=\dimen315
\TX@target=\dimen316
\TX@delta=\dimen317
\TX@cols=\count355
\TX@ftn=\toks52
)
(C:\Program Files\MiKTeX2\tex/latex/multirow\multirow.sty
Package: multirow 2021/03/15 v2.8 Span multiple rows of a table
\multirow@colwidth=\skip75
\multirow@cntb=\count356
\multirow@dima=\skip76
\bigstrutjot=\dimen318
)
(C:\Program Files\MiKTeX2\tex/latex/tools\multicol.sty
Package: multicol 2019/12/09 v1.8y multicolumn formatting (FMi)
\c@tracingmulticols=\count357
\mult@box=\box84
\multicol@leftmargin=\dimen319
\c@unbalance=\count358
\c@collectmore=\count359
\doublecol@number=\count360
\multicoltolerance=\count361
\multicolpretolerance=\count362
\full@width=\dimen320
\page@free=\dimen321
\premulticols=\dimen322
\postmulticols=\dimen323
\multicolsep=\skip77
\multicolbaselineskip=\skip78
\partial@page=\box85
\last@line=\box86
\maxbalancingoverflow=\dimen324
\mult@rightbox=\box87
\mult@grightbox=\box88
\mult@gfirstbox=\box89
\mult@firstbox=\box90
\@tempa=\box91
\@tempa=\box92
\@tempa=\box93
\@tempa=\box94
\@tempa=\box95
\@tempa=\box96
\@tempa=\box97
\@tempa=\box98
\@tempa=\box99
\@tempa=\box100
\@tempa=\box101
\@tempa=\box102
\@tempa=\box103
\@tempa=\box104
\@tempa=\box105
\@tempa=\box106
\@tempa=\box107
\@tempa=\box108
\@tempa=\box109
\@tempa=\box110
\@tempa=\box111
\@tempa=\box112
\@tempa=\box113
\@tempa=\box114
\@tempa=\box115
\@tempa=\box116
\@tempa=\box117
\@tempa=\box118
\@tempa=\box119
\@tempa=\box120
\@tempa=\box121
\@tempa=\box122
\@tempa=\box123
\@tempa=\box124
\@tempa=\box125
\@tempa=\box126
\@tempa=\box127
\c@minrows=\count363
\c@columnbadness=\count364
\c@finalcolumnbadness=\count365
\last@try=\dimen325
\multicolovershoot=\dimen326
\multicolundershoot=\dimen327
\mult@nat@firstbox=\box128
\colbreak@box=\box129
\mc@col@check@num=\count366
)
(C:\Program Files\MiKTeX2\tex/latex/booktabs\booktabs.sty
Package: booktabs 2020/01/12 v1.61803398 Publication quality tables
\heavyrulewidth=\dimen328
\lightrulewidth=\dimen329
\cmidrulewidth=\dimen330
\belowrulesep=\dimen331
\belowbottomsep=\dimen332
\aboverulesep=\dimen333
\abovetopsep=\dimen334
\cmidrulesep=\dimen335
\cmidrulekern=\dimen336
\defaultaddspace=\dimen337
\@cmidla=\count367
\@cmidlb=\count368
\@aboverulesep=\dimen338
\@belowrulesep=\dimen339
\@thisruleclass=\count369
\@lastruleclass=\count370
\@thisrulewidth=\dimen340
)
(C:\Program Files\MiKTeX2\tex/latex/threeparttable\threeparttable.sty
Package: threeparttable 2003/06/13  v 3.0
\@tempboxb=\box130
)
(C:\Program Files\MiKTeX2\tex/latex/lm\lmodern.sty
Package: lmodern 2009/10/30 v1.6 Latin Modern Fonts
LaTeX Font Info:    Overwriting symbol font `operators' in version `normal'
(Font)                  OT1/cmr/m/n --> OT1/lmr/m/n on input line 22.
LaTeX Font Info:    Overwriting symbol font `letters' in version `normal'
(Font)                  OML/cmm/m/it --> OML/lmm/m/it on input line 23.
LaTeX Font Info:    Overwriting symbol font `symbols' in version `normal'
(Font)                  OMS/cmsy/m/n --> OMS/lmsy/m/n on input line 24.
LaTeX Font Info:    Overwriting symbol font `largesymbols' in version `normal'
(Font)                  OMX/cmex/m/n --> OMX/lmex/m/n on input line 25.
LaTeX Font Info:    Overwriting symbol font `operators' in version `bold'
(Font)                  OT1/cmr/bx/n --> OT1/lmr/bx/n on input line 26.
LaTeX Font Info:    Overwriting symbol font `letters' in version `bold'
(Font)                  OML/cmm/b/it --> OML/lmm/b/it on input line 27.
LaTeX Font Info:    Overwriting symbol font `symbols' in version `bold'
(Font)                  OMS/cmsy/b/n --> OMS/lmsy/b/n on input line 28.
LaTeX Font Info:    Overwriting symbol font `largesymbols' in version `bold'
(Font)                  OMX/cmex/m/n --> OMX/lmex/m/n on input line 29.
LaTeX Font Info:    Overwriting math alphabet `\mathbf' in version `normal'
(Font)                  OT1/cmr/bx/n --> OT1/lmr/bx/n on input line 31.
LaTeX Font Info:    Overwriting math alphabet `\mathsf' in version `normal'
(Font)                  OT1/cmss/m/n --> OT1/lmss/m/n on input line 32.
LaTeX Font Info:    Overwriting math alphabet `\mathit' in version `normal'
(Font)                  OT1/cmr/m/it --> OT1/lmr/m/it on input line 33.
LaTeX Font Info:    Overwriting math alphabet `\mathtt' in version `normal'
(Font)                  OT1/cmtt/m/n --> OT1/lmtt/m/n on input line 34.
LaTeX Font Info:    Overwriting math alphabet `\mathbf' in version `bold'
(Font)                  OT1/cmr/bx/n --> OT1/lmr/bx/n on input line 35.
LaTeX Font Info:    Overwriting math alphabet `\mathsf' in version `bold'
(Font)                  OT1/cmss/bx/n --> OT1/lmss/bx/n on input line 36.
LaTeX Font Info:    Overwriting math alphabet `\mathit' in version `bold'
(Font)                  OT1/cmr/bx/it --> OT1/lmr/bx/it on input line 37.
LaTeX Font Info:    Overwriting math alphabet `\mathtt' in version `bold'
(Font)                  OT1/cmtt/m/n --> OT1/lmtt/m/n on input line 38.
)
(C:\Program Files\MiKTeX2\tex/latex/pgfplots\pgfplots.sty
(C:\Program Files\MiKTeX2\tex/generic/pgfplots\pgfplots.revision.tex)
Package: pgfplots 2021/05/15 v1.18.1 Data Visualization (1.18.1)

(C:\Program Files\MiKTeX2\tex/generic/pgfplots\pgfplots.code.tex
(C:\Program Files\MiKTeX2\tex/generic/pgfplots\pgfplotscore.code.tex
\t@pgfplots@toka=\toks53
\t@pgfplots@tokb=\toks54
\t@pgfplots@tokc=\toks55
\pgfplots@tmpa=\dimen341
\c@pgfplots@coordindex=\count371
\c@pgfplots@scanlineindex=\count372

(C:\Program Files\MiKTeX2\tex/generic/pgfplots/sys\pgfplotssysgeneric.code.tex)
) (C:\Program Files\MiKTeX2\tex/generic/pgfplots/libs\pgfplotslibrary.code.tex)

(C:\Program Files\MiKTeX2\tex/generic/pgfplots/oldpgfcompatib\pgfplotsoldpgfsup
p_loader.code.tex
(C:\Program Files\MiKTeX2\tex/generic/pgf/libraries\pgflibraryfpu.code.tex))
(C:\Program Files\MiKTeX2\tex/generic/pgfplots/util\pgfplotsutil.code.tex
(C:\Program Files\MiKTeX2\tex/generic/pgfplots/liststructure\pgfplotsliststruct
ure.code.tex)
(C:\Program Files\MiKTeX2\tex/generic/pgfplots/liststructure\pgfplotsliststruct
ureext.code.tex)
(C:\Program Files\MiKTeX2\tex/generic/pgfplots/liststructure\pgfplotsarray.code
.tex
\c@pgfplotsarray@tmp=\count373
)
(C:\Program Files\MiKTeX2\tex/generic/pgfplots/liststructure\pgfplotsmatrix.cod
e.tex)
(C:\Program Files\MiKTeX2\tex/generic/pgfplots/numtable\pgfplotstableshared.cod
e.tex
\c@pgfplotstable@counta=\count374
\t@pgfplotstable@a=\toks56
)
(C:\Program Files\MiKTeX2\tex/generic/pgfplots/liststructure\pgfplotsdeque.code
.tex)
(C:\Program Files\MiKTeX2\tex/generic/pgfplots/util\pgfplotsbinary.code.tex
(C:\Program Files\MiKTeX2\tex/generic/pgfplots/util\pgfplotsbinary.data.code.te
x))
(C:\Program Files\MiKTeX2\tex/generic/pgfplots/util\pgfplotsutil.verb.code.tex)

(C:\Program Files\MiKTeX2\tex/generic/pgfplots/libs\pgflibrarypgfplots.surfshad
ing.code.tex
\c@pgfplotslibrarysurf@no=\count375

(C:\Program Files\MiKTeX2\tex/generic/pgfplots/sys\pgflibrarypgfplots.surfshadi
ng.pgfsys-pdftex.def)))
(C:\Program Files\MiKTeX2\tex/generic/pgfplots/util\pgfplotscolormap.code.tex
(C:\Program Files\MiKTeX2\tex/generic/pgfplots/util\pgfplotscolor.code.tex))
(C:\Program Files\MiKTeX2\tex/generic/pgfplots\pgfplotsstackedplots.code.tex)
(C:\Program Files\MiKTeX2\tex/generic/pgfplots\pgfplotsplothandlers.code.tex
(C:\Program Files\MiKTeX2\tex/generic/pgfplots\pgfplotsmeshplothandler.code.tex
(C:\Program Files\MiKTeX2\tex/generic/pgfplots\pgfplotsmeshplotimage.code.tex))
) (C:\Program Files\MiKTeX2\tex/generic/pgfplots\pgfplots.scaling.code.tex)
(C:\Program Files\MiKTeX2\tex/generic/pgfplots\pgfplotscoordprocessing.code.tex
) (C:\Program Files\MiKTeX2\tex/generic/pgfplots\pgfplots.errorbars.code.tex)
(C:\Program Files\MiKTeX2\tex/generic/pgfplots\pgfplots.markers.code.tex)
(C:\Program Files\MiKTeX2\tex/generic/pgfplots\pgfplotsticks.code.tex)
(C:\Program Files\MiKTeX2\tex/generic/pgfplots\pgfplots.paths.code.tex)
(C:\Program Files\MiKTeX2\tex/generic/pgf/frontendlayer/tikz/libraries\tikzlibr
arydecorations.code.tex
(C:\Program Files\MiKTeX2\tex/generic/pgf/modules\pgfmoduledecorations.code.tex
\pgfdecoratedcompleteddistance=\dimen342
\pgfdecoratedremainingdistance=\dimen343
\pgfdecoratedinputsegmentcompleteddistance=\dimen344
\pgfdecoratedinputsegmentremainingdistance=\dimen345
\pgf@decorate@distancetomove=\dimen346
\pgf@decorate@repeatstate=\count376
\pgfdecorationsegmentamplitude=\dimen347
\pgfdecorationsegmentlength=\dimen348
)
\tikz@lib@dec@box=\box131
)
(C:\Program Files\MiKTeX2\tex/generic/pgf/frontendlayer/tikz/libraries\tikzlibr
arydecorations.pathmorphing.code.tex
(C:\Program Files\MiKTeX2\tex/generic/pgf/libraries/decorations\pgflibrarydecor
ations.pathmorphing.code.tex))
(C:\Program Files\MiKTeX2\tex/generic/pgf/frontendlayer/tikz/libraries\tikzlibr
arydecorations.pathreplacing.code.tex
(C:\Program Files\MiKTeX2\tex/generic/pgf/libraries/decorations\pgflibrarydecor
ations.pathreplacing.code.tex))
(C:\Program Files\MiKTeX2\tex/generic/pgfplots/libs\tikzlibrarypgfplots.contour
lua.code.tex)
\pgfplots@numplots=\count377
\pgfplots@xmin@reg=\dimen349
\pgfplots@xmax@reg=\dimen350
\pgfplots@ymin@reg=\dimen351
\pgfplots@ymax@reg=\dimen352
\pgfplots@zmin@reg=\dimen353
\pgfplots@zmax@reg=\dimen354
)
(C:\Program Files\MiKTeX2\tex/generic/pgf/frontendlayer/tikz/libraries\tikzlibr
aryplotmarks.code.tex
File: tikzlibraryplotmarks.code.tex 2021/05/15 v3.1.9a (3.1.9a)

(C:\Program Files\MiKTeX2\tex/generic/pgf/libraries\pgflibraryplotmarks.code.te
x
File: pgflibraryplotmarks.code.tex 2021/05/15 v3.1.9a (3.1.9a)
)))

Package hyperref Warning: Token not allowed in a PDF string (Unicode):
(hyperref)                removing `\footnote' on input line 154.

Package translations Info: No language package found. I am going to use `englis
h' as default language. on input line 154.
LaTeX Font Info:    Trying to load font information for T1+lmss on input line 1
54.
(C:\Program Files\MiKTeX2\tex/latex/lm\t1lmss.fd
File: t1lmss.fd 2009/10/30 v1.6 Font defs for Latin Modern
) (sala_covid.aux)
\openout1 = `sala_covid.aux'.

LaTeX Font Info:    Checking defaults for OML/cmm/m/it on input line 154.
LaTeX Font Info:    ... okay on input line 154.
LaTeX Font Info:    Checking defaults for OMS/cmsy/m/n on input line 154.
LaTeX Font Info:    ... okay on input line 154.
LaTeX Font Info:    Checking defaults for OT1/cmr/m/n on input line 154.
LaTeX Font Info:    ... okay on input line 154.
LaTeX Font Info:    Checking defaults for T1/cmr/m/n on input line 154.
LaTeX Font Info:    ... okay on input line 154.
LaTeX Font Info:    Checking defaults for TS1/cmr/m/n on input line 154.
LaTeX Font Info:    ... okay on input line 154.
LaTeX Font Info:    Checking defaults for OMX/cmex/m/n on input line 154.
LaTeX Font Info:    ... okay on input line 154.
LaTeX Font Info:    Checking defaults for U/cmr/m/n on input line 154.
LaTeX Font Info:    ... okay on input line 154.
LaTeX Font Info:    Checking defaults for PD1/pdf/m/n on input line 154.
LaTeX Font Info:    ... okay on input line 154.
LaTeX Font Info:    Checking defaults for PU/pdf/m/n on input line 154.
LaTeX Font Info:    ... okay on input line 154.

*geometry* driver: auto-detecting
*geometry* detected driver: pdftex
*geometry* verbose mode - [ preamble ] result:
* driver: pdftex
* paper: custom
* layout: <same size as paper>
* layoutoffset:(h,v)=(0.0pt,0.0pt)
* modes: includehead includefoot 
* h-part:(L,W,R)=(28.45274pt, 307.28987pt, 28.45274pt)
* v-part:(T,H,B)=(0.0pt, 273.14662pt, 0.0pt)
* \paperwidth=364.19536pt
* \paperheight=273.14662pt
* \textwidth=307.28987pt
* \textheight=244.6939pt
* \oddsidemargin=-43.81725pt
* \evensidemargin=-43.81725pt
* \topmargin=-72.26999pt
* \headheight=14.22636pt
* \headsep=0.0pt
* \topskip=11.0pt
* \footskip=14.22636pt
* \marginparwidth=4.0pt
* \marginparsep=10.0pt
* \columnsep=10.0pt
* \skip\footins=10.0pt plus 4.0pt minus 2.0pt
* \hoffset=0.0pt
* \voffset=0.0pt
* \mag=1000
* \@twocolumnfalse
* \@twosidefalse
* \@mparswitchfalse
* \@reversemarginfalse
* (1in=72.27pt=25.4mm, 1cm=28.453pt)

(C:\Program Files\MiKTeX2\tex/context/base/mkii\supp-pdf.mkii
[Loading MPS to PDF converter (version 2006.09.02).]
\scratchcounter=\count378
\scratchdimen=\dimen355
\scratchbox=\box132
\nofMPsegments=\count379
\nofMParguments=\count380
\everyMPshowfont=\toks57
\MPscratchCnt=\count381
\MPscratchDim=\dimen356
\MPnumerator=\count382
\makeMPintoPDFobject=\count383
\everyMPtoPDFconversion=\toks58
)
Package hyperref Info: Link coloring OFF on input line 154.
 (C:\Program Files\MiKTeX2\tex/latex/hyperref\nameref.sty
Package: nameref 2021-04-02 v2.47 Cross-referencing by name of section

(C:\Program Files\MiKTeX2\tex/latex/refcount\refcount.sty
Package: refcount 2019/12/15 v3.6 Data extraction from label references (HO)
)
(C:\Program Files\MiKTeX2\tex/generic/gettitlestring\gettitlestring.sty
Package: gettitlestring 2019/12/15 v1.6 Cleanup title references (HO)
)
\c@section@level=\count384
)
LaTeX Info: Redefining \ref on input line 154.
LaTeX Info: Redefining \pageref on input line 154.
LaTeX Info: Redefining \nameref on input line 154.

(sala_covid.out) (sala_covid.out)
\@outlinefile=\write5
\openout5 = `sala_covid.out'.


(C:\Program Files\MiKTeX2\tex/latex/translator\translator-basic-dictionary-Engl
ish.dict
Dictionary: translator-basic-dictionary, Language: English 
)
(C:\Program Files\MiKTeX2\tex/latex/translator\translator-bibliography-dictiona
ry-English.dict
Dictionary: translator-bibliography-dictionary, Language: English 
)
(C:\Program Files\MiKTeX2\tex/latex/translator\translator-environment-dictionar
y-English.dict
Dictionary: translator-environment-dictionary, Language: English 
)
(C:\Program Files\MiKTeX2\tex/latex/translator\translator-months-dictionary-Eng
lish.dict
Dictionary: translator-months-dictionary, Language: English 
)
(C:\Program Files\MiKTeX2\tex/latex/translator\translator-numbers-dictionary-En
glish.dict
Dictionary: translator-numbers-dictionary, Language: English 
)
(C:\Program Files\MiKTeX2\tex/latex/translator\translator-theorem-dictionary-En
glish.dict
Dictionary: translator-theorem-dictionary, Language: English 
)
Package caption Info: Begin \AtBeginDocument code.
Package caption Info: threeparttable package is loaded.
Package caption Info: End \AtBeginDocument code.

(C:\Program Files\MiKTeX2\tex/latex/translations/dicts\translations-basic-dicti
onary-english.trsl
File: translations-basic-dictionary-english.trsl (english translation file `tra
nslations-basic-dictionary')
)
Package translations Info: loading dictionary `translations-basic-dictionary' f
or `english'. on input line 154.
\c@mv@tabular=\count385
\c@mv@boldtabular=\count386


Package pgfplots Warning: running in backwards compatibility mode (unsuitable t
ick labels; missing features). Consider writing \pgfplotsset{compat=1.18} into 
your preamble.
 on input line 154.

(sala_covid.nav)
LaTeX Font Info:    Trying to load font information for T1+zplsups on input lin
e 161.
 (C:\Program Files\MiKTeX2\tex/latex/newpx\t1zplsups.fd
File: t1zplsups.fd 2015/01/17 v1.0
)
LaTeX Font Info:    Font shape `T1/zplsups/m/n' will be
(Font)              scaled to size 14.4pt on input line 161.
LaTeX Font Info:    Font shape `T1/zplsups/m/n' will be
(Font)              scaled to size 9.0pt on input line 161.

[1

{C:/Users/UNSAAC/AppData/Local/MiKTeX/pdftex/config/pdftex.map}]
LaTeX Font Info:    Trying to load font information for OT1+lmr on input line 1
89.

(C:\Program Files\MiKTeX2\tex/latex/lm\ot1lmr.fd
File: ot1lmr.fd 2009/10/30 v1.6 Font defs for Latin Modern
)
LaTeX Font Info:    Trying to load font information for OML+lmm on input line 1
89.

(C:\Program Files\MiKTeX2\tex/latex/lm\omllmm.fd
File: omllmm.fd 2009/10/30 v1.6 Font defs for Latin Modern
)
LaTeX Font Info:    Trying to load font information for OMS+lmsy on input line 
189.

(C:\Program Files\MiKTeX2\tex/latex/lm\omslmsy.fd
File: omslmsy.fd 2009/10/30 v1.6 Font defs for Latin Modern
)
LaTeX Font Info:    Trying to load font information for OMX+lmex on input line 
189.

(C:\Program Files\MiKTeX2\tex/latex/lm\omxlmex.fd
File: omxlmex.fd 2009/10/30 v1.6 Font defs for Latin Modern
)
LaTeX Font Info:    External font `lmex10' loaded for size
(Font)              <10.95> on input line 189.
LaTeX Font Info:    External font `lmex10' loaded for size
(Font)              <8> on input line 189.
LaTeX Font Info:    External font `lmex10' loaded for size
(Font)              <6> on input line 189.
LaTeX Font Info:    Trying to load font information for U+msa on input line 189
.

(C:\Program Files\MiKTeX2\tex/latex/amsfonts\umsa.fd
File: umsa.fd 2013/01/14 v3.01 AMS symbols A
)
LaTeX Font Info:    Trying to load font information for U+msb on input line 189
.

(C:\Program Files\MiKTeX2\tex/latex/amsfonts\umsb.fd
File: umsb.fd 2013/01/14 v3.01 AMS symbols B
)
LaTeX Font Info:    External font `lmex10' loaded for size
(Font)              <10> on input line 189.
LaTeX Font Info:    External font `lmex10' loaded for size
(Font)              <7> on input line 189.
LaTeX Font Info:    External font `lmex10' loaded for size
(Font)              <5> on input line 189.
 [2

] [3

]
<../sala_nacional/variantes_lima.png, id=155, 693.34032pt x 536.0025pt>
File: ../sala_nacional/variantes_lima.png Graphic file (type png)
<use ../sala_nacional/variantes_lima.png>
Package pdftex.def Info: ../sala_nacional/variantes_lima.png  used on input lin
e 221.
(pdftex.def)             Requested size: 138.2795pt x 106.89598pt.
<../sala_nacional/variantes_sierra_sur.png, id=157, 241.91432pt x 176.49095pt>
File: ../sala_nacional/variantes_sierra_sur.png Graphic file (type png)
<use ../sala_nacional/variantes_sierra_sur.png>
Package pdftex.def Info: ../sala_nacional/variantes_sierra_sur.png  used on inp
ut line 221.
(pdftex.def)             Requested size: 147.49782pt x 107.61084pt.
 [4

 <../sala_nacional/variantes_lima.png> <../sala_nacional/variantes_sierra_sur.p
ng>]
<../sala_nacional/vacunas_nacional.png, id=169, 1284.8pt x 797.98125pt>
File: ../sala_nacional/vacunas_nacional.png Graphic file (type png)
<use ../sala_nacional/vacunas_nacional.png>
Package pdftex.def Info: ../sala_nacional/vacunas_nacional.png  used on input l
ine 235.
(pdftex.def)             Requested size: 276.559pt x 171.7696pt.
 [5

 <../sala_nacional/vacunas_nacional.png>]
<../sala_nacional/mortalidad_regional.png, id=175, 744.98325pt x 541.42274pt>
File: ../sala_nacional/mortalidad_regional.png Graphic file (type png)
<use ../sala_nacional/mortalidad_regional.png>
Package pdftex.def Info: ../sala_nacional/mortalidad_regional.png  used on inpu
t line 249.
(pdftex.def)             Requested size: 230.46739pt x 167.49232pt.
 [6

 <../sala_nacional/mortalidad_regional.png>]
<../sala_nacional/defunciones_regional.png, id=183, 666.8274pt x 445.1589pt>
File: ../sala_nacional/defunciones_regional.png Graphic file (type png)
<use ../sala_nacional/defunciones_regional.png>
Package pdftex.def Info: ../sala_nacional/defunciones_regional.png  used on inp
ut line 268.
(pdftex.def)             Requested size: 184.3758pt x 123.08134pt.
 [7

 <../sala_nacional/defunciones_regional.png>]
<../sala_nacional/rt_regional.png, id=191, 505.89pt x 361.35pt>
File: ../sala_nacional/rt_regional.png Graphic file (type png)
<use ../sala_nacional/rt_regional.png>
Package pdftex.def Info: ../sala_nacional/rt_regional.png  used on input line 2
84.
(pdftex.def)             Requested size: 218.17786pt x 155.84062pt.
 [8

 <../sala_nacional/rt_regional.png (PNG copy)>]
<../sala_nacional/camas_regional.png, id=197, 728.9634pt x 530.4618pt>
File: ../sala_nacional/camas_regional.png Graphic file (type png)
<use ../sala_nacional/camas_regional.png>
Package pdftex.def Info: ../sala_nacional/camas_regional.png  used on input lin
e 301.
(pdftex.def)             Requested size: 184.3758pt x 134.1692pt.
 [9

 <../sala_nacional/camas_regional.png>]
<../sala_nacional/uci_regional.png, id=205, 364.39294pt x 265.49716pt>
File: ../sala_nacional/uci_regional.png Graphic file (type png)
<use ../sala_nacional/uci_regional.png>
Package pdftex.def Info: ../sala_nacional/uci_regional.png  used on input line 
315.
(pdftex.def)             Requested size: 230.46739pt x 167.91632pt.
 [10

 <../sala_nacional/uci_regional.png>]
<../sala_nacional/nouci_regional.png, id=212, 364.39294pt x 265.49716pt>
File: ../sala_nacional/nouci_regional.png Graphic file (type png)
<use ../sala_nacional/nouci_regional.png>
Package pdftex.def Info: ../sala_nacional/nouci_regional.png  used on input lin
e 331.
(pdftex.def)             Requested size: 230.46739pt x 167.91632pt.
 [11

 <../sala_nacional/nouci_regional.png>] [12

]

pdfTeX warning: pdflatex.exe (file ../figuras/positivos_20_21.pdf): PDF inclusi
on: found PDF version <1.6>, but at most version <1.5> allowed
<../figuras/positivos_20_21.pdf, id=226, 397.485pt x 289.08pt>
File: ../figuras/positivos_20_21.pdf Graphic file (type pdf)
<use ../figuras/positivos_20_21.pdf>
Package pdftex.def Info: ../figuras/positivos_20_21.pdf  used on input line 347
.
(pdftex.def)             Requested size: 276.559pt x 201.13718pt.
[13

 <../figuras/positivos_20_21.pdf>]

pdfTeX warning: pdflatex.exe (file ../figuras/sintomaticos_20_21.pdf): PDF incl
usion: found PDF version <1.6>, but at most version <1.5> allowed
<../figuras/sintomaticos_20_21.pdf, id=244, 397.485pt x 289.08pt>
File: ../figuras/sintomaticos_20_21.pdf Graphic file (type pdf)
<use ../figuras/sintomaticos_20_21.pdf>
Package pdftex.def Info: ../figuras/sintomaticos_20_21.pdf  used on input line 
356.
(pdftex.def)             Requested size: 245.83282pt x 178.79105pt.
[14

 <../figuras/sintomaticos_20_21.pdf>]

pdfTeX warning: pdflatex.exe (file ../figuras/sinto_prueba_20_21.pdf): PDF incl
usion: found PDF version <1.6>, but at most version <1.5> allowed
<../figuras/sinto_prueba_20_21.pdf, id=260, 397.485pt x 289.08pt>
File: ../figuras/sinto_prueba_20_21.pdf Graphic file (type pdf)
<use ../figuras/sinto_prueba_20_21.pdf>
Package pdftex.def Info: ../figuras/sinto_prueba_20_21.pdf  used on input line 
365.
(pdftex.def)             Requested size: 276.559pt x 187.27939pt.
[15

 <../figuras/sinto_prueba_20_21.pdf>]

pdfTeX warning: pdflatex.exe (file ../figuras/positivos_crecimiento_2021.pdf): 
PDF inclusion: found PDF version <1.6>, but at most version <1.5> allowed
<../figuras/positivos_crecimiento_2021.pdf, id=278, 397.485pt x 289.08pt>
File: ../figuras/positivos_crecimiento_2021.pdf Graphic file (type pdf)
<use ../figuras/positivos_crecimiento_2021.pdf>
Package pdftex.def Info: ../figuras/positivos_crecimiento_2021.pdf  used on inp
ut line 375.
(pdftex.def)             Requested size: 276.559pt x 201.13718pt.
[16

 <../figuras/positivos_crecimiento_2021.pdf>]

pdfTeX warning: pdflatex.exe (file ../figuras/positividad_ambas.pdf): PDF inclu
sion: found PDF version <1.6>, but at most version <1.5> allowed
<../figuras/positividad_ambas.pdf, id=294, 397.485pt x 289.08pt>
File: ../figuras/positividad_ambas.pdf Graphic file (type pdf)
<use ../figuras/positividad_ambas.pdf>
Package pdftex.def Info: ../figuras/positividad_ambas.pdf  used on input line 3
84.
(pdftex.def)             Requested size: 276.559pt x 201.13718pt.
[17

 <../figuras/positividad_ambas.pdf>]

pdfTeX warning: pdflatex.exe (file ../figuras/variantes.pdf): PDF inclusion: fo
und PDF version <1.6>, but at most version <1.5> allowed
<../figuras/variantes.pdf, id=310, 397.485pt x 289.08pt>
File: ../figuras/variantes.pdf Graphic file (type pdf)
<use ../figuras/variantes.pdf>
Package pdftex.def Info: ../figuras/variantes.pdf  used on input line 393.
(pdftex.def)             Requested size: 276.559pt x 201.13718pt.
[18

 <../figuras/variantes.pdf>]

pdfTeX warning: pdflatex.exe (file ../figuras/variantes_provincial.pdf): PDF in
clusion: found PDF version <1.6>, but at most version <1.5> allowed
<../figuras/variantes_provincial.pdf, id=327, 289.08pt x 337.57483pt>
File: ../figuras/variantes_provincial.pdf Graphic file (type pdf)
<use ../figuras/variantes_provincial.pdf>
Package pdftex.def Info: ../figuras/variantes_provincial.pdf  used on input lin
e 406.
(pdftex.def)             Requested size: 122.91406pt x 143.53178pt.
[19

 <../figuras/variantes_provincial.pdf>]
<../sala_nacional/rt_cusco.png, id=356, 505.89pt x 361.35pt>
File: ../sala_nacional/rt_cusco.png Graphic file (type png)
<use ../sala_nacional/rt_cusco.png>
Package pdftex.def Info: ../sala_nacional/rt_cusco.png  used on input line 417.

(pdftex.def)             Requested size: 230.46739pt x 155.55032pt.
 [20

 <../sala_nacional/rt_cusco.png (PNG copy)>]

pdfTeX warning: pdflatex.exe (file ../figuras/defunciones_20_21.pdf): PDF inclu
sion: found PDF version <1.6>, but at most version <1.5> allowed
<../figuras/defunciones_20_21.pdf, id=366, 397.485pt x 289.08pt>
File: ../figuras/defunciones_20_21.pdf Graphic file (type pdf)
<use ../figuras/defunciones_20_21.pdf>
Package pdftex.def Info: ../figuras/defunciones_20_21.pdf  used on input line 4
27.
(pdftex.def)             Requested size: 276.559pt x 187.27939pt.
[21

 <../figuras/defunciones_20_21.pdf>]

pdfTeX warning: pdflatex.exe (file ../figuras/defunciones_crecimiento_2021.pdf)
: PDF inclusion: found PDF version <1.6>, but at most version <1.5> allowed
<../figuras/defunciones_crecimiento_2021.pdf, id=384, 397.485pt x 289.08pt>
File: ../figuras/defunciones_crecimiento_2021.pdf Graphic file (type pdf)
<use ../figuras/defunciones_crecimiento_2021.pdf>
Package pdftex.def Info: ../figuras/defunciones_crecimiento_2021.pdf  used on i
nput line 437.
(pdftex.def)             Requested size: 276.559pt x 201.13718pt.
[22

 <../figuras/defunciones_crecimiento_2021.pdf>]

pdfTeX warning: pdflatex.exe (file ../figuras/exceso_region.pdf): PDF inclusion
: found PDF version <1.6>, but at most version <1.5> allowed
<../figuras/exceso_region.pdf, id=400, 397.485pt x 289.08pt>
File: ../figuras/exceso_region.pdf Graphic file (type pdf)
<use ../figuras/exceso_region.pdf>
Package pdftex.def Info: ../figuras/exceso_region.pdf  used on input line 446.
(pdftex.def)             Requested size: 276.559pt x 201.13718pt.
[23

 <../figuras/exceso_region.pdf>]

pdfTeX warning: pdflatex.exe (file ../figuras/mortalidad_edad.pdf): PDF inclusi
on: found PDF version <1.6>, but at most version <1.5> allowed
<../figuras/mortalidad_edad.pdf, id=425, 397.485pt x 289.08pt>
File: ../figuras/mortalidad_edad.pdf Graphic file (type pdf)
<use ../figuras/mortalidad_edad.pdf>
Package pdftex.def Info: ../figuras/mortalidad_edad.pdf  used on input line 455
.
(pdftex.def)             Requested size: 276.559pt x 201.13718pt.
[24

 <../figuras/mortalidad_edad.pdf>]

pdfTeX warning: pdflatex.exe (file ../figuras/mortalidad_edad_80.pdf): PDF incl
usion: found PDF version <1.6>, but at most version <1.5> allowed
<../figuras/mortalidad_edad_80.pdf, id=441, 397.485pt x 289.08pt>
File: ../figuras/mortalidad_edad_80.pdf Graphic file (type pdf)
<use ../figuras/mortalidad_edad_80.pdf>
Package pdftex.def Info: ../figuras/mortalidad_edad_80.pdf  used on input line 
510.
(pdftex.def)             Requested size: 92.1879pt x 67.04279pt.


pdfTeX warning: pdflatex.exe (file ../figuras/mortalidad_edad_70.pdf): PDF incl
usion: found PDF version <1.6>, but at most version <1.5> allowed
<../figuras/mortalidad_edad_70.pdf, id=442, 397.485pt x 289.08pt>
File: ../figuras/mortalidad_edad_70.pdf Graphic file (type pdf)
<use ../figuras/mortalidad_edad_70.pdf>
Package pdftex.def Info: ../figuras/mortalidad_edad_70.pdf  used on input line 
510.
(pdftex.def)             Requested size: 92.1879pt x 67.04279pt.


pdfTeX warning: pdflatex.exe (file ../figuras/mortalidad_edad_60.pdf): PDF incl
usion: found PDF version <1.6>, but at most version <1.5> allowed
<../figuras/mortalidad_edad_60.pdf, id=443, 397.485pt x 289.08pt>
File: ../figuras/mortalidad_edad_60.pdf Graphic file (type pdf)
<use ../figuras/mortalidad_edad_60.pdf>
Package pdftex.def Info: ../figuras/mortalidad_edad_60.pdf  used on input line 
510.
(pdftex.def)             Requested size: 92.1879pt x 67.04279pt.


pdfTeX warning: pdflatex.exe (file ../figuras/mortalidad_edad_50.pdf): PDF incl
usion: found PDF version <1.6>, but at most version <1.5> allowed
<../figuras/mortalidad_edad_50.pdf, id=444, 397.485pt x 289.08pt>
File: ../figuras/mortalidad_edad_50.pdf Graphic file (type pdf)
<use ../figuras/mortalidad_edad_50.pdf>
Package pdftex.def Info: ../figuras/mortalidad_edad_50.pdf  used on input line 
510.
(pdftex.def)             Requested size: 92.1879pt x 67.04279pt.


pdfTeX warning: pdflatex.exe (file ../figuras/mortalidad_edad_40.pdf): PDF incl
usion: found PDF version <1.6>, but at most version <1.5> allowed
<../figuras/mortalidad_edad_40.pdf, id=445, 397.485pt x 289.08pt>
File: ../figuras/mortalidad_edad_40.pdf Graphic file (type pdf)
<use ../figuras/mortalidad_edad_40.pdf>
Package pdftex.def Info: ../figuras/mortalidad_edad_40.pdf  used on input line 
510.
(pdftex.def)             Requested size: 92.1879pt x 67.04279pt.


pdfTeX warning: pdflatex.exe (file ../figuras/mortalidad_edad_30.pdf): PDF incl
usion: found PDF version <1.6>, but at most version <1.5> allowed
<../figuras/mortalidad_edad_30.pdf, id=446, 397.485pt x 289.08pt>
File: ../figuras/mortalidad_edad_30.pdf Graphic file (type pdf)
<use ../figuras/mortalidad_edad_30.pdf>
Package pdftex.def Info: ../figuras/mortalidad_edad_30.pdf  used on input line 
510.
(pdftex.def)             Requested size: 92.1879pt x 67.04279pt.
[25

 <../figuras/mortalidad_edad_80.pdf> <../figuras/mortalidad_edad_70.pdf> <../fi
guras/mortalidad_edad_60.pdf> <../figuras/mortalidad_edad_50.pdf> <../figuras/m
ortalidad_edad_40.pdf> <../figuras/mortalidad_edad_30.pdf>] [26

]

pdfTeX warning: pdflatex.exe (file ../figuras/vacunacion_grupo_edad.pdf): PDF i
nclusion: found PDF version <1.6>, but at most version <1.5> allowed
<../figuras/vacunacion_grupo_edad.pdf, id=520, 397.485pt x 289.08pt>
File: ../figuras/vacunacion_grupo_edad.pdf Graphic file (type pdf)
<use ../figuras/vacunacion_grupo_edad.pdf>
Package pdftex.def Info: ../figuras/vacunacion_grupo_edad.pdf  used on input li
ne 525.
(pdftex.def)             Requested size: 245.83282pt x 171.37672pt.
[27

 <../figuras/vacunacion_grupo_edad.pdf>]

pdfTeX warning: pdflatex.exe (file ../figuras/vacunacion_provincial_edad_8.pdf)
: PDF inclusion: found PDF version <1.6>, but at most version <1.5> allowed
<../figuras/vacunacion_provincial_edad_8.pdf, id=539, 397.485pt x 289.08pt>
File: ../figuras/vacunacion_provincial_edad_8.pdf Graphic file (type pdf)
<use ../figuras/vacunacion_provincial_edad_8.pdf>
Package pdftex.def Info: ../figuras/vacunacion_provincial_edad_8.pdf  used on i
nput line 540.
(pdftex.def)             Requested size: 245.83282pt x 171.37672pt.
[28

 <../figuras/vacunacion_provincial_edad_8.pdf>] [29

]

pdfTeX warning: pdflatex.exe (file ../figuras/uci.pdf): PDF inclusion: found PD
F version <1.6>, but at most version <1.5> allowed
<../figuras/uci.pdf, id=579, 397.485pt x 289.08pt>
File: ../figuras/uci.pdf Graphic file (type pdf)
<use ../figuras/uci.pdf>
Package pdftex.def Info: ../figuras/uci.pdf  used on input line 567.
(pdftex.def)             Requested size: 276.559pt x 187.27939pt.
[30

 <../figuras/uci.pdf>]

pdfTeX warning: pdflatex.exe (file ../figuras/nivel_3.pdf): PDF inclusion: foun
d PDF version <1.6>, but at most version <1.5> allowed
<../figuras/nivel_3.pdf, id=598, 397.485pt x 289.08pt>
File: ../figuras/nivel_3.pdf Graphic file (type pdf)
<use ../figuras/nivel_3.pdf>
Package pdftex.def Info: ../figuras/nivel_3.pdf  used on input line 576.
(pdftex.def)             Requested size: 245.83282pt x 166.47285pt.
[31

 <../figuras/nivel_3.pdf>]

pdfTeX warning: pdflatex.exe (file ../figuras/h_regional.pdf): PDF inclusion: f
ound PDF version <1.6>, but at most version <1.5> allowed
<../figuras/h_regional.pdf, id=617, 397.485pt x 289.08pt>
File: ../figuras/h_regional.pdf Graphic file (type pdf)
<use ../figuras/h_regional.pdf>
Package pdftex.def Info: ../figuras/h_regional.pdf  used on input line 597.
(pdftex.def)             Requested size: 276.559pt x 187.27939pt.

Overfull \vbox (6.2838pt too high) detected at line 597
 []

[32

 <../figuras/h_regional.pdf>]

pdfTeX warning: pdflatex.exe (file ../figuras/h_lorena.pdf): PDF inclusion: fou
nd PDF version <1.6>, but at most version <1.5> allowed
<../figuras/h_lorena.pdf, id=635, 397.485pt x 289.08pt>
File: ../figuras/h_lorena.pdf Graphic file (type pdf)
<use ../figuras/h_lorena.pdf>
Package pdftex.def Info: ../figuras/h_lorena.pdf  used on input line 618.
(pdftex.def)             Requested size: 276.559pt x 187.27939pt.

Overfull \vbox (6.2838pt too high) detected at line 618
 []

[33

 <../figuras/h_lorena.pdf>]

pdfTeX warning: pdflatex.exe (file ../figuras/h_adolfo.pdf): PDF inclusion: fou
nd PDF version <1.6>, but at most version <1.5> allowed
<../figuras/h_adolfo.pdf, id=653, 397.485pt x 289.08pt>
File: ../figuras/h_adolfo.pdf Graphic file (type pdf)
<use ../figuras/h_adolfo.pdf>
Package pdftex.def Info: ../figuras/h_adolfo.pdf  used on input line 639.
(pdftex.def)             Requested size: 276.559pt x 187.27939pt.

Overfull \vbox (6.2838pt too high) detected at line 639
 []

[34

 <../figuras/h_adolfo.pdf>]

pdfTeX warning: pdflatex.exe (file ../figuras/nivel_2.pdf): PDF inclusion: foun
d PDF version <1.6>, but at most version <1.5> allowed
<../figuras/nivel_2.pdf, id=671, 397.485pt x 289.08pt>
File: ../figuras/nivel_2.pdf Graphic file (type pdf)
<use ../figuras/nivel_2.pdf>
Package pdftex.def Info: ../figuras/nivel_2.pdf  used on input line 648.
(pdftex.def)             Requested size: 245.83282pt x 166.47285pt.
[35

 <../figuras/nivel_2.pdf>] [36

] (../tablas/tabla_incidencia_provincia.tex)
[37

] (../tablas/tabla_positividad_provincia.tex) [38

]
(../tablas/tabla_defunciones_cero_provincia.tex) [39

]
(../tablas/tabla_letalidad_mortalidad_provincia.tex) [40

] [41

] [42

] [43

]
[44

] [45

] [46

] [47

]

Package hyperref Warning: Token not allowed in a PDF string (Unicode):
(hyperref)                removing `\translate ' on input line 812.

[48

]

pdfTeX warning: pdflatex.exe (file ../figuras/vacunacion_provincial_edad_7.pdf)
: PDF inclusion: found PDF version <1.6>, but at most version <1.5> allowed
<../figuras/vacunacion_provincial_edad_7.pdf, id=800, 397.485pt x 289.08pt>
File: ../figuras/vacunacion_provincial_edad_7.pdf Graphic file (type pdf)
<use ../figuras/vacunacion_provincial_edad_7.pdf>
Package pdftex.def Info: ../figuras/vacunacion_provincial_edad_7.pdf  used on i
nput line 825.
(pdftex.def)             Requested size: 245.83282pt x 171.37672pt.
[49

 <../figuras/vacunacion_provincial_edad_7.pdf>]

pdfTeX warning: pdflatex.exe (file ../figuras/vacunacion_provincial_edad_6.pdf)
: PDF inclusion: found PDF version <1.6>, but at most version <1.5> allowed
<../figuras/vacunacion_provincial_edad_6.pdf, id=821, 397.485pt x 289.08pt>
File: ../figuras/vacunacion_provincial_edad_6.pdf Graphic file (type pdf)
<use ../figuras/vacunacion_provincial_edad_6.pdf>
Package pdftex.def Info: ../figuras/vacunacion_provincial_edad_6.pdf  used on i
nput line 835.
(pdftex.def)             Requested size: 245.83282pt x 171.37672pt.
[50

 <../figuras/vacunacion_provincial_edad_6.pdf>]

pdfTeX warning: pdflatex.exe (file ../figuras/vacunacion_provincial_edad_5.pdf)
: PDF inclusion: found PDF version <1.6>, but at most version <1.5> allowed
<../figuras/vacunacion_provincial_edad_5.pdf, id=841, 397.485pt x 289.08pt>
File: ../figuras/vacunacion_provincial_edad_5.pdf Graphic file (type pdf)
<use ../figuras/vacunacion_provincial_edad_5.pdf>
Package pdftex.def Info: ../figuras/vacunacion_provincial_edad_5.pdf  used on i
nput line 845.
(pdftex.def)             Requested size: 245.83282pt x 171.37672pt.
[51

 <../figuras/vacunacion_provincial_edad_5.pdf>]

pdfTeX warning: pdflatex.exe (file ../figuras/vacunacion_provincial_edad_4.pdf)
: PDF inclusion: found PDF version <1.6>, but at most version <1.5> allowed
<../figuras/vacunacion_provincial_edad_4.pdf, id=861, 397.485pt x 289.08pt>
File: ../figuras/vacunacion_provincial_edad_4.pdf Graphic file (type pdf)
<use ../figuras/vacunacion_provincial_edad_4.pdf>
Package pdftex.def Info: ../figuras/vacunacion_provincial_edad_4.pdf  used on i
nput line 855.
(pdftex.def)             Requested size: 245.83282pt x 171.37672pt.
[52

 <../figuras/vacunacion_provincial_edad_4.pdf>]

pdfTeX warning: pdflatex.exe (file ../figuras/vacunacion_provincial_edad_3.pdf)
: PDF inclusion: found PDF version <1.6>, but at most version <1.5> allowed
<../figuras/vacunacion_provincial_edad_3.pdf, id=881, 397.485pt x 289.08pt>
File: ../figuras/vacunacion_provincial_edad_3.pdf Graphic file (type pdf)
<use ../figuras/vacunacion_provincial_edad_3.pdf>
Package pdftex.def Info: ../figuras/vacunacion_provincial_edad_3.pdf  used on i
nput line 865.
(pdftex.def)             Requested size: 245.83282pt x 171.37672pt.
[53

 <../figuras/vacunacion_provincial_edad_3.pdf>]

pdfTeX warning: pdflatex.exe (file ../figuras/vacunacion_provincial_edad_2.pdf)
: PDF inclusion: found PDF version <1.6>, but at most version <1.5> allowed
<../figuras/vacunacion_provincial_edad_2.pdf, id=901, 397.485pt x 289.08pt>
File: ../figuras/vacunacion_provincial_edad_2.pdf Graphic file (type pdf)
<use ../figuras/vacunacion_provincial_edad_2.pdf>
Package pdftex.def Info: ../figuras/vacunacion_provincial_edad_2.pdf  used on i
nput line 875.
(pdftex.def)             Requested size: 245.83282pt x 171.37672pt.
[54

 <../figuras/vacunacion_provincial_edad_2.pdf>]

pdfTeX warning: pdflatex.exe (file ../figuras/vacunacion_provincial_edad_1.pdf)
: PDF inclusion: found PDF version <1.6>, but at most version <1.5> allowed
<../figuras/vacunacion_provincial_edad_1.pdf, id=921, 397.485pt x 289.08pt>
File: ../figuras/vacunacion_provincial_edad_1.pdf Graphic file (type pdf)
<use ../figuras/vacunacion_provincial_edad_1.pdf>
Package pdftex.def Info: ../figuras/vacunacion_provincial_edad_1.pdf  used on i
nput line 885.
(pdftex.def)             Requested size: 245.83282pt x 171.37672pt.
[55

 <../figuras/vacunacion_provincial_edad_1.pdf>]

pdfTeX warning: pdflatex.exe (file ../figuras/incidencia_mortalidad_20_21_1.pdf
): PDF inclusion: found PDF version <1.6>, but at most version <1.5> allowed
<../figuras/incidencia_mortalidad_20_21_1.pdf, id=942, 397.485pt x 289.08pt>
File: ../figuras/incidencia_mortalidad_20_21_1.pdf Graphic file (type pdf)
<use ../figuras/incidencia_mortalidad_20_21_1.pdf>
Package pdftex.def Info: ../figuras/incidencia_mortalidad_20_21_1.pdf  used on 
input line 896.
(pdftex.def)             Requested size: 245.83282pt x 166.47285pt.
[56

 <../figuras/incidencia_mortalidad_20_21_1.pdf>]

pdfTeX warning: pdflatex.exe (file ../figuras/positividad_20_21_1.pdf): PDF inc
lusion: found PDF version <1.6>, but at most version <1.5> allowed
<../figuras/positividad_20_21_1.pdf, id=961, 397.485pt x 289.08pt>
File: ../figuras/positividad_20_21_1.pdf Graphic file (type pdf)
<use ../figuras/positividad_20_21_1.pdf>
Package pdftex.def Info: ../figuras/positividad_20_21_1.pdf  used on input line
 905.
(pdftex.def)             Requested size: 245.83282pt x 166.47285pt.
[57

 <../figuras/positividad_20_21_1.pdf>]

pdfTeX warning: pdflatex.exe (file ../figuras/exceso_1.pdf): PDF inclusion: fou
nd PDF version <1.6>, but at most version <1.5> allowed
<../figuras/exceso_1.pdf, id=979, 397.485pt x 289.08pt>
File: ../figuras/exceso_1.pdf Graphic file (type pdf)
<use ../figuras/exceso_1.pdf>
Package pdftex.def Info: ../figuras/exceso_1.pdf  used on input line 916.
(pdftex.def)             Requested size: 245.83282pt x 166.47285pt.
[58

 <../figuras/exceso_1.pdf>]

pdfTeX warning: pdflatex.exe (file ../figuras/incidencia_mortalidad_20_21_2.pdf
): PDF inclusion: found PDF version <1.6>, but at most version <1.5> allowed
<../figuras/incidencia_mortalidad_20_21_2.pdf, id=1007, 397.485pt x 289.08pt>
File: ../figuras/incidencia_mortalidad_20_21_2.pdf Graphic file (type pdf)
<use ../figuras/incidencia_mortalidad_20_21_2.pdf>
Package pdftex.def Info: ../figuras/incidencia_mortalidad_20_21_2.pdf  used on 
input line 927.
(pdftex.def)             Requested size: 245.83282pt x 166.47285pt.
[59

 <../figuras/incidencia_mortalidad_20_21_2.pdf>]

pdfTeX warning: pdflatex.exe (file ../figuras/positividad_20_21_2.pdf): PDF inc
lusion: found PDF version <1.6>, but at most version <1.5> allowed
<../figuras/positividad_20_21_2.pdf, id=1026, 397.485pt x 289.08pt>
File: ../figuras/positividad_20_21_2.pdf Graphic file (type pdf)
<use ../figuras/positividad_20_21_2.pdf>
Package pdftex.def Info: ../figuras/positividad_20_21_2.pdf  used on input line
 936.
(pdftex.def)             Requested size: 245.83282pt x 166.47285pt.
[60

 <../figuras/positividad_20_21_2.pdf>]

pdfTeX warning: pdflatex.exe (file ../figuras/exceso_2.pdf): PDF inclusion: fou
nd PDF version <1.6>, but at most version <1.5> allowed
<../figuras/exceso_2.pdf, id=1044, 397.485pt x 289.08pt>
File: ../figuras/exceso_2.pdf Graphic file (type pdf)
<use ../figuras/exceso_2.pdf>
Package pdftex.def Info: ../figuras/exceso_2.pdf  used on input line 947.
(pdftex.def)             Requested size: 245.83282pt x 166.47285pt.
[61

 <../figuras/exceso_2.pdf>]

pdfTeX warning: pdflatex.exe (file ../figuras/incidencia_mortalidad_20_21_3.pdf
): PDF inclusion: found PDF version <1.6>, but at most version <1.5> allowed
<../figuras/incidencia_mortalidad_20_21_3.pdf, id=1073, 397.485pt x 289.08pt>
File: ../figuras/incidencia_mortalidad_20_21_3.pdf Graphic file (type pdf)
<use ../figuras/incidencia_mortalidad_20_21_3.pdf>
Package pdftex.def Info: ../figuras/incidencia_mortalidad_20_21_3.pdf  used on 
input line 959.
(pdftex.def)             Requested size: 245.83282pt x 166.47285pt.
[62

 <../figuras/incidencia_mortalidad_20_21_3.pdf>]

pdfTeX warning: pdflatex.exe (file ../figuras/positividad_20_21_3.pdf): PDF inc
lusion: found PDF version <1.6>, but at most version <1.5> allowed
<../figuras/positividad_20_21_3.pdf, id=1092, 397.485pt x 289.08pt>
File: ../figuras/positividad_20_21_3.pdf Graphic file (type pdf)
<use ../figuras/positividad_20_21_3.pdf>
Package pdftex.def Info: ../figuras/positividad_20_21_3.pdf  used on input line
 968.
(pdftex.def)             Requested size: 245.83282pt x 166.47285pt.
[63

 <../figuras/positividad_20_21_3.pdf>]

pdfTeX warning: pdflatex.exe (file ../figuras/exceso_3.pdf): PDF inclusion: fou
nd PDF version <1.6>, but at most version <1.5> allowed
<../figuras/exceso_3.pdf, id=1110, 397.485pt x 289.08pt>
File: ../figuras/exceso_3.pdf Graphic file (type pdf)
<use ../figuras/exceso_3.pdf>
Package pdftex.def Info: ../figuras/exceso_3.pdf  used on input line 979.
(pdftex.def)             Requested size: 245.83282pt x 166.47285pt.
[64

 <../figuras/exceso_3.pdf>]

pdfTeX warning: pdflatex.exe (file ../figuras/incidencia_mortalidad_20_21_4.pdf
): PDF inclusion: found PDF version <1.6>, but at most version <1.5> allowed
<../figuras/incidencia_mortalidad_20_21_4.pdf, id=1138, 397.485pt x 289.08pt>
File: ../figuras/incidencia_mortalidad_20_21_4.pdf Graphic file (type pdf)
<use ../figuras/incidencia_mortalidad_20_21_4.pdf>
Package pdftex.def Info: ../figuras/incidencia_mortalidad_20_21_4.pdf  used on 
input line 990.
(pdftex.def)             Requested size: 245.83282pt x 166.47285pt.
[65

 <../figuras/incidencia_mortalidad_20_21_4.pdf>]

pdfTeX warning: pdflatex.exe (file ../figuras/positividad_20_21_4.pdf): PDF inc
lusion: found PDF version <1.6>, but at most version <1.5> allowed
<../figuras/positividad_20_21_4.pdf, id=1157, 397.485pt x 289.08pt>
File: ../figuras/positividad_20_21_4.pdf Graphic file (type pdf)
<use ../figuras/positividad_20_21_4.pdf>
Package pdftex.def Info: ../figuras/positividad_20_21_4.pdf  used on input line
 999.
(pdftex.def)             Requested size: 245.83282pt x 166.47285pt.
[66

 <../figuras/positividad_20_21_4.pdf>]

pdfTeX warning: pdflatex.exe (file ../figuras/exceso_4.pdf): PDF inclusion: fou
nd PDF version <1.6>, but at most version <1.5> allowed
<../figuras/exceso_4.pdf, id=1175, 397.485pt x 289.08pt>
File: ../figuras/exceso_4.pdf Graphic file (type pdf)
<use ../figuras/exceso_4.pdf>
Package pdftex.def Info: ../figuras/exceso_4.pdf  used on input line 1010.
(pdftex.def)             Requested size: 245.83282pt x 166.47285pt.
[67

 <../figuras/exceso_4.pdf>]

pdfTeX warning: pdflatex.exe (file ../figuras/incidencia_mortalidad_20_21_5.pdf
): PDF inclusion: found PDF version <1.6>, but at most version <1.5> allowed
<../figuras/incidencia_mortalidad_20_21_5.pdf, id=1204, 397.485pt x 289.08pt>
File: ../figuras/incidencia_mortalidad_20_21_5.pdf Graphic file (type pdf)
<use ../figuras/incidencia_mortalidad_20_21_5.pdf>
Package pdftex.def Info: ../figuras/incidencia_mortalidad_20_21_5.pdf  used on 
input line 1021.
(pdftex.def)             Requested size: 245.83282pt x 166.47285pt.
[68

 <../figuras/incidencia_mortalidad_20_21_5.pdf>]

pdfTeX warning: pdflatex.exe (file ../figuras/positividad_20_21_5.pdf): PDF inc
lusion: found PDF version <1.6>, but at most version <1.5> allowed
<../figuras/positividad_20_21_5.pdf, id=1223, 397.485pt x 289.08pt>
File: ../figuras/positividad_20_21_5.pdf Graphic file (type pdf)
<use ../figuras/positividad_20_21_5.pdf>
Package pdftex.def Info: ../figuras/positividad_20_21_5.pdf  used on input line
 1030.
(pdftex.def)             Requested size: 245.83282pt x 166.47285pt.
[69

 <../figuras/positividad_20_21_5.pdf>]

pdfTeX warning: pdflatex.exe (file ../figuras/exceso_5.pdf): PDF inclusion: fou
nd PDF version <1.6>, but at most version <1.5> allowed
<../figuras/exceso_5.pdf, id=1241, 397.485pt x 289.08pt>
File: ../figuras/exceso_5.pdf Graphic file (type pdf)
<use ../figuras/exceso_5.pdf>
Package pdftex.def Info: ../figuras/exceso_5.pdf  used on input line 1041.
(pdftex.def)             Requested size: 245.83282pt x 166.47285pt.
[70

 <../figuras/exceso_5.pdf>]

pdfTeX warning: pdflatex.exe (file ../figuras/incidencia_mortalidad_20_21_6.pdf
): PDF inclusion: found PDF version <1.6>, but at most version <1.5> allowed
<../figuras/incidencia_mortalidad_20_21_6.pdf, id=1269, 397.485pt x 289.08pt>
File: ../figuras/incidencia_mortalidad_20_21_6.pdf Graphic file (type pdf)
<use ../figuras/incidencia_mortalidad_20_21_6.pdf>
Package pdftex.def Info: ../figuras/incidencia_mortalidad_20_21_6.pdf  used on 
input line 1052.
(pdftex.def)             Requested size: 245.83282pt x 166.47285pt.
[71

 <../figuras/incidencia_mortalidad_20_21_6.pdf>]

pdfTeX warning: pdflatex.exe (file ../figuras/positividad_20_21_6.pdf): PDF inc
lusion: found PDF version <1.6>, but at most version <1.5> allowed
<../figuras/positividad_20_21_6.pdf, id=1288, 397.485pt x 289.08pt>
File: ../figuras/positividad_20_21_6.pdf Graphic file (type pdf)
<use ../figuras/positividad_20_21_6.pdf>
Package pdftex.def Info: ../figuras/positividad_20_21_6.pdf  used on input line
 1061.
(pdftex.def)             Requested size: 245.83282pt x 166.47285pt.
[72

 <../figuras/positividad_20_21_6.pdf>]

pdfTeX warning: pdflatex.exe (file ../figuras/exceso_6.pdf): PDF inclusion: fou
nd PDF version <1.6>, but at most version <1.5> allowed
<../figuras/exceso_6.pdf, id=1306, 397.485pt x 289.08pt>
File: ../figuras/exceso_6.pdf Graphic file (type pdf)
<use ../figuras/exceso_6.pdf>
Package pdftex.def Info: ../figuras/exceso_6.pdf  used on input line 1072.
(pdftex.def)             Requested size: 245.83282pt x 166.47285pt.
[73

 <../figuras/exceso_6.pdf>]

pdfTeX warning: pdflatex.exe (file ../figuras/incidencia_mortalidad_20_21_7.pdf
): PDF inclusion: found PDF version <1.6>, but at most version <1.5> allowed
<../figuras/incidencia_mortalidad_20_21_7.pdf, id=1335, 397.485pt x 289.08pt>
File: ../figuras/incidencia_mortalidad_20_21_7.pdf Graphic file (type pdf)
<use ../figuras/incidencia_mortalidad_20_21_7.pdf>
Package pdftex.def Info: ../figuras/incidencia_mortalidad_20_21_7.pdf  used on 
input line 1083.
(pdftex.def)             Requested size: 245.83282pt x 166.47285pt.
[74

 <../figuras/incidencia_mortalidad_20_21_7.pdf>]

pdfTeX warning: pdflatex.exe (file ../figuras/positividad_20_21_7.pdf): PDF inc
lusion: found PDF version <1.6>, but at most version <1.5> allowed
<../figuras/positividad_20_21_7.pdf, id=1354, 397.485pt x 289.08pt>
File: ../figuras/positividad_20_21_7.pdf Graphic file (type pdf)
<use ../figuras/positividad_20_21_7.pdf>
Package pdftex.def Info: ../figuras/positividad_20_21_7.pdf  used on input line
 1092.
(pdftex.def)             Requested size: 245.83282pt x 166.47285pt.
[75

 <../figuras/positividad_20_21_7.pdf>]

pdfTeX warning: pdflatex.exe (file ../figuras/exceso_7.pdf): PDF inclusion: fou
nd PDF version <1.6>, but at most version <1.5> allowed
<../figuras/exceso_7.pdf, id=1372, 397.485pt x 289.08pt>
File: ../figuras/exceso_7.pdf Graphic file (type pdf)
<use ../figuras/exceso_7.pdf>
Package pdftex.def Info: ../figuras/exceso_7.pdf  used on input line 1103.
(pdftex.def)             Requested size: 245.83282pt x 166.47285pt.
[76

 <../figuras/exceso_7.pdf>]

pdfTeX warning: pdflatex.exe (file ../figuras/incidencia_mortalidad_20_21_8.pdf
): PDF inclusion: found PDF version <1.6>, but at most version <1.5> allowed
<../figuras/incidencia_mortalidad_20_21_8.pdf, id=1400, 397.485pt x 289.08pt>
File: ../figuras/incidencia_mortalidad_20_21_8.pdf Graphic file (type pdf)
<use ../figuras/incidencia_mortalidad_20_21_8.pdf>
Package pdftex.def Info: ../figuras/incidencia_mortalidad_20_21_8.pdf  used on 
input line 1114.
(pdftex.def)             Requested size: 245.83282pt x 166.47285pt.
[77

 <../figuras/incidencia_mortalidad_20_21_8.pdf>]

pdfTeX warning: pdflatex.exe (file ../figuras/positividad_20_21_8.pdf): PDF inc
lusion: found PDF version <1.6>, but at most version <1.5> allowed
<../figuras/positividad_20_21_8.pdf, id=1419, 397.485pt x 289.08pt>
File: ../figuras/positividad_20_21_8.pdf Graphic file (type pdf)
<use ../figuras/positividad_20_21_8.pdf>
Package pdftex.def Info: ../figuras/positividad_20_21_8.pdf  used on input line
 1123.
(pdftex.def)             Requested size: 245.83282pt x 166.47285pt.
[78

 <../figuras/positividad_20_21_8.pdf>]

pdfTeX warning: pdflatex.exe (file ../figuras/exceso_8.pdf): PDF inclusion: fou
nd PDF version <1.6>, but at most version <1.5> allowed
<../figuras/exceso_8.pdf, id=1437, 397.485pt x 289.08pt>
File: ../figuras/exceso_8.pdf Graphic file (type pdf)
<use ../figuras/exceso_8.pdf>
Package pdftex.def Info: ../figuras/exceso_8.pdf  used on input line 1134.
(pdftex.def)             Requested size: 245.83282pt x 166.47285pt.
[79

 <../figuras/exceso_8.pdf>]

pdfTeX warning: pdflatex.exe (file ../figuras/incidencia_mortalidad_20_21_9.pdf
): PDF inclusion: found PDF version <1.6>, but at most version <1.5> allowed
<../figuras/incidencia_mortalidad_20_21_9.pdf, id=1466, 397.485pt x 289.08pt>
File: ../figuras/incidencia_mortalidad_20_21_9.pdf Graphic file (type pdf)
<use ../figuras/incidencia_mortalidad_20_21_9.pdf>
Package pdftex.def Info: ../figuras/incidencia_mortalidad_20_21_9.pdf  used on 
input line 1146.
(pdftex.def)             Requested size: 245.83282pt x 166.47285pt.
[80

 <../figuras/incidencia_mortalidad_20_21_9.pdf>]

pdfTeX warning: pdflatex.exe (file ../figuras/positividad_20_21_9.pdf): PDF inc
lusion: found PDF version <1.6>, but at most version <1.5> allowed
<../figuras/positividad_20_21_9.pdf, id=1485, 397.485pt x 289.08pt>
File: ../figuras/positividad_20_21_9.pdf Graphic file (type pdf)
<use ../figuras/positividad_20_21_9.pdf>
Package pdftex.def Info: ../figuras/positividad_20_21_9.pdf  used on input line
 1155.
(pdftex.def)             Requested size: 245.83282pt x 166.47285pt.
[81

 <../figuras/positividad_20_21_9.pdf>]

pdfTeX warning: pdflatex.exe (file ../figuras/exceso_9.pdf): PDF inclusion: fou
nd PDF version <1.6>, but at most version <1.5> allowed
<../figuras/exceso_9.pdf, id=1503, 397.485pt x 289.08pt>
File: ../figuras/exceso_9.pdf Graphic file (type pdf)
<use ../figuras/exceso_9.pdf>
Package pdftex.def Info: ../figuras/exceso_9.pdf  used on input line 1166.
(pdftex.def)             Requested size: 245.83282pt x 166.47285pt.
[82

 <../figuras/exceso_9.pdf>]

pdfTeX warning: pdflatex.exe (file ../figuras/incidencia_mortalidad_20_21_10.pd
f): PDF inclusion: found PDF version <1.6>, but at most version <1.5> allowed
<../figuras/incidencia_mortalidad_20_21_10.pdf, id=1531, 397.485pt x 289.08pt>
File: ../figuras/incidencia_mortalidad_20_21_10.pdf Graphic file (type pdf)
<use ../figuras/incidencia_mortalidad_20_21_10.pdf>
Package pdftex.def Info: ../figuras/incidencia_mortalidad_20_21_10.pdf  used on
 input line 1177.
(pdftex.def)             Requested size: 245.83282pt x 166.47285pt.
[83

 <../figuras/incidencia_mortalidad_20_21_10.pdf>]

pdfTeX warning: pdflatex.exe (file ../figuras/positividad_20_21_10.pdf): PDF in
clusion: found PDF version <1.6>, but at most version <1.5> allowed
<../figuras/positividad_20_21_10.pdf, id=1550, 397.485pt x 289.08pt>
File: ../figuras/positividad_20_21_10.pdf Graphic file (type pdf)
<use ../figuras/positividad_20_21_10.pdf>
Package pdftex.def Info: ../figuras/positividad_20_21_10.pdf  used on input lin
e 1186.
(pdftex.def)             Requested size: 245.83282pt x 166.47285pt.
[84

 <../figuras/positividad_20_21_10.pdf>]

pdfTeX warning: pdflatex.exe (file ../figuras/exceso_10.pdf): PDF inclusion: fo
und PDF version <1.6>, but at most version <1.5> allowed
<../figuras/exceso_10.pdf, id=1568, 397.485pt x 289.08pt>
File: ../figuras/exceso_10.pdf Graphic file (type pdf)
<use ../figuras/exceso_10.pdf>
Package pdftex.def Info: ../figuras/exceso_10.pdf  used on input line 1197.
(pdftex.def)             Requested size: 245.83282pt x 166.47285pt.
[85

 <../figuras/exceso_10.pdf>]

pdfTeX warning: pdflatex.exe (file ../figuras/incidencia_mortalidad_20_21_11.pd
f): PDF inclusion: found PDF version <1.6>, but at most version <1.5> allowed
<../figuras/incidencia_mortalidad_20_21_11.pdf, id=1597, 397.485pt x 289.08pt>
File: ../figuras/incidencia_mortalidad_20_21_11.pdf Graphic file (type pdf)
<use ../figuras/incidencia_mortalidad_20_21_11.pdf>
Package pdftex.def Info: ../figuras/incidencia_mortalidad_20_21_11.pdf  used on
 input line 1208.
(pdftex.def)             Requested size: 245.83282pt x 166.47285pt.
[86

 <../figuras/incidencia_mortalidad_20_21_11.pdf>]

pdfTeX warning: pdflatex.exe (file ../figuras/positividad_20_21_11.pdf): PDF in
clusion: found PDF version <1.6>, but at most version <1.5> allowed
<../figuras/positividad_20_21_11.pdf, id=1616, 397.485pt x 289.08pt>
File: ../figuras/positividad_20_21_11.pdf Graphic file (type pdf)
<use ../figuras/positividad_20_21_11.pdf>
Package pdftex.def Info: ../figuras/positividad_20_21_11.pdf  used on input lin
e 1217.
(pdftex.def)             Requested size: 245.83282pt x 166.47285pt.
[87

 <../figuras/positividad_20_21_11.pdf>]

pdfTeX warning: pdflatex.exe (file ../figuras/exceso_11.pdf): PDF inclusion: fo
und PDF version <1.6>, but at most version <1.5> allowed
<../figuras/exceso_11.pdf, id=1634, 397.485pt x 289.08pt>
File: ../figuras/exceso_11.pdf Graphic file (type pdf)
<use ../figuras/exceso_11.pdf>
Package pdftex.def Info: ../figuras/exceso_11.pdf  used on input line 1228.
(pdftex.def)             Requested size: 245.83282pt x 166.47285pt.
[88

 <../figuras/exceso_11.pdf>]

pdfTeX warning: pdflatex.exe (file ../figuras/incidencia_mortalidad_20_21_12.pd
f): PDF inclusion: found PDF version <1.6>, but at most version <1.5> allowed
<../figuras/incidencia_mortalidad_20_21_12.pdf, id=1662, 397.485pt x 289.08pt>
File: ../figuras/incidencia_mortalidad_20_21_12.pdf Graphic file (type pdf)
<use ../figuras/incidencia_mortalidad_20_21_12.pdf>
Package pdftex.def Info: ../figuras/incidencia_mortalidad_20_21_12.pdf  used on
 input line 1240.
(pdftex.def)             Requested size: 245.83282pt x 166.47285pt.
[89

 <../figuras/incidencia_mortalidad_20_21_12.pdf>]

pdfTeX warning: pdflatex.exe (file ../figuras/positividad_20_21_12.pdf): PDF in
clusion: found PDF version <1.6>, but at most version <1.5> allowed
<../figuras/positividad_20_21_12.pdf, id=1681, 397.485pt x 289.08pt>
File: ../figuras/positividad_20_21_12.pdf Graphic file (type pdf)
<use ../figuras/positividad_20_21_12.pdf>
Package pdftex.def Info: ../figuras/positividad_20_21_12.pdf  used on input lin
e 1249.
(pdftex.def)             Requested size: 245.83282pt x 166.47285pt.
[90

 <../figuras/positividad_20_21_12.pdf>]

pdfTeX warning: pdflatex.exe (file ../figuras/exceso_12.pdf): PDF inclusion: fo
und PDF version <1.6>, but at most version <1.5> allowed
<../figuras/exceso_12.pdf, id=1699, 397.485pt x 289.08pt>
File: ../figuras/exceso_12.pdf Graphic file (type pdf)
<use ../figuras/exceso_12.pdf>
Package pdftex.def Info: ../figuras/exceso_12.pdf  used on input line 1260.
(pdftex.def)             Requested size: 245.83282pt x 166.47285pt.
[91

 <../figuras/exceso_12.pdf>]

pdfTeX warning: pdflatex.exe (file ../figuras/incidencia_mortalidad_20_21_13.pd
f): PDF inclusion: found PDF version <1.6>, but at most version <1.5> allowed
<../figuras/incidencia_mortalidad_20_21_13.pdf, id=1728, 397.485pt x 289.08pt>
File: ../figuras/incidencia_mortalidad_20_21_13.pdf Graphic file (type pdf)
<use ../figuras/incidencia_mortalidad_20_21_13.pdf>
Package pdftex.def Info: ../figuras/incidencia_mortalidad_20_21_13.pdf  used on
 input line 1271.
(pdftex.def)             Requested size: 245.83282pt x 166.47285pt.
[92

 <../figuras/incidencia_mortalidad_20_21_13.pdf>]

pdfTeX warning: pdflatex.exe (file ../figuras/positividad_20_21_13.pdf): PDF in
clusion: found PDF version <1.6>, but at most version <1.5> allowed
<../figuras/positividad_20_21_13.pdf, id=1747, 397.485pt x 289.08pt>
File: ../figuras/positividad_20_21_13.pdf Graphic file (type pdf)
<use ../figuras/positividad_20_21_13.pdf>
Package pdftex.def Info: ../figuras/positividad_20_21_13.pdf  used on input lin
e 1280.
(pdftex.def)             Requested size: 245.83282pt x 166.47285pt.
[93

 <../figuras/positividad_20_21_13.pdf>]

pdfTeX warning: pdflatex.exe (file ../figuras/exceso_13.pdf): PDF inclusion: fo
und PDF version <1.6>, but at most version <1.5> allowed
<../figuras/exceso_13.pdf, id=1765, 397.485pt x 289.08pt>
File: ../figuras/exceso_13.pdf Graphic file (type pdf)
<use ../figuras/exceso_13.pdf>
Package pdftex.def Info: ../figuras/exceso_13.pdf  used on input line 1291.
(pdftex.def)             Requested size: 245.83282pt x 166.47285pt.
[94

 <../figuras/exceso_13.pdf>]

pdfTeX warning: pdflatex.exe (file ../figuras/variantes_distrital_cusco.pdf): P
DF inclusion: found PDF version <1.6>, but at most version <1.5> allowed
<../figuras/variantes_distrital_cusco.pdf, id=1794, 478.14207pt x 289.08pt>
File: ../figuras/variantes_distrital_cusco.pdf Graphic file (type pdf)
<use ../figuras/variantes_distrital_cusco.pdf>
Package pdftex.def Info: ../figuras/variantes_distrital_cusco.pdf  used on inpu
t line 1302.
(pdftex.def)             Requested size: 199.73653pt x 120.75552pt.
[95

 <../figuras/variantes_distrital_cusco.pdf>]

pdfTeX warning: pdflatex.exe (file ../figuras/variantes_distrital.pdf): PDF inc
lusion: found PDF version <1.6>, but at most version <1.5> allowed
<../figuras/variantes_distrital.pdf, id=1812, 289.08pt x 337.57483pt>
File: ../figuras/variantes_distrital.pdf Graphic file (type pdf)
<use ../figuras/variantes_distrital.pdf>
Package pdftex.def Info: ../figuras/variantes_distrital.pdf  used on input line
 1312.
(pdftex.def)             Requested size: 169.01036pt x 197.35944pt.

Overfull \vbox (13.28632pt too high) detected at line 1312
 []

[96

 <../figuras/variantes_distrital.pdf>]

pdfTeX warning: pdflatex.exe (file ../figuras/variantes_provincial_lambda.pdf):
 PDF inclusion: found PDF version <1.6>, but at most version <1.5> allowed
<../figuras/variantes_provincial_lambda.pdf, id=1830, 289.08pt x 337.57483pt>
File: ../figuras/variantes_provincial_lambda.pdf Graphic file (type pdf)
<use ../figuras/variantes_provincial_lambda.pdf>
Package pdftex.def Info: ../figuras/variantes_provincial_lambda.pdf  used on in
put line 1322.
(pdftex.def)             Requested size: 169.01036pt x 197.35944pt.
[97

 <../figuras/variantes_provincial_lambda.pdf>]

pdfTeX warning: pdflatex.exe (file ../figuras/variantes_provincial_gamma.pdf): 
PDF inclusion: found PDF version <1.6>, but at most version <1.5> allowed
<../figuras/variantes_provincial_gamma.pdf, id=1849, 289.08pt x 337.57483pt>
File: ../figuras/variantes_provincial_gamma.pdf Graphic file (type pdf)
<use ../figuras/variantes_provincial_gamma.pdf>
Package pdftex.def Info: ../figuras/variantes_provincial_gamma.pdf  used on inp
ut line 1332.
(pdftex.def)             Requested size: 169.01036pt x 197.35944pt.
[98

 <../figuras/variantes_provincial_gamma.pdf>]

pdfTeX warning: pdflatex.exe (file ../figuras/variantes_provincial_delta.pdf): 
PDF inclusion: found PDF version <1.6>, but at most version <1.5> allowed
<../figuras/variantes_provincial_delta.pdf, id=1867, 289.08pt x 337.57483pt>
File: ../figuras/variantes_provincial_delta.pdf Graphic file (type pdf)
<use ../figuras/variantes_provincial_delta.pdf>
Package pdftex.def Info: ../figuras/variantes_provincial_delta.pdf  used on inp
ut line 1342.
(pdftex.def)             Requested size: 169.01036pt x 197.35944pt.
[99

 <../figuras/variantes_provincial_delta.pdf>]
\tf@nav=\write6
\openout6 = `sala_covid.nav'.

\tf@toc=\write7
\openout7 = `sala_covid.toc'.

\tf@snm=\write8
\openout8 = `sala_covid.snm'.

 (sala_covid.aux)

Package rerunfilecheck Warning: File `sala_covid.out' has changed.
(rerunfilecheck)                Rerun to get outlines right
(rerunfilecheck)                or use package `bookmark'.

Package rerunfilecheck Info: Checksums for `sala_covid.out':
(rerunfilecheck)             Before: EEB6EAABC109009E9688F43AFF0A52EB;1522
(rerunfilecheck)             After:  5E4A54DF1046CB7C1DAB475965325061;3269.
 ) 
Here is how much of TeX's memory you used:
 40626 strings out of 478864
 939100 string characters out of 2858043
 1358277 words of memory out of 3000000
 57351 multiletter control sequences out of 15000+600000
 473166 words of font info for 94 fonts, out of 8000000 for 9000
 1141 hyphenation exceptions out of 8191
 128i,11n,124p,709b,757s stack positions out of 5000i,500n,10000p,200000b,80000s
pdfTeX warning (dest): name{provincias} has been referenced but does not exis
t, replaced by a fixed one

{C:/Program Files/MiKTeX2/fonts/enc/dvips/lm/lm-mathit.enc}{C:/Program Files/Mi
KTeX2/fonts/enc/dvips/lm/lm-rm.enc}{C:/Program Files/MiKTeX2/fonts/enc/dvips/lm
/lm-mathsy.enc}{C:/Program Files/MiKTeX2/fonts/enc/dvips/lm/lm-ec.enc}
!pdfTeX error: pdflatex.exe (file zplsups-Regular-t1): Font zplsups-Regular-t1 
at 540 not found
 ==> Fatal error occurred, no output PDF file produced!
